c:\users\hp\documents\github\xashtasks\xash_build4529_src\temp\cl_dll\!debug\cl_dll.bsc
c:\users\hp\documents\github\xashtasks\xash_build4529_src\temp\cl_dll\!debug\vc142.pdb
c:\users\hp\documents\github\xashtasks\xash_build4529_src\temp\cl_dll\!debug\vc142.idb
c:\users\hp\documents\github\xashtasks\xash_build4529_src\temp\cl_dll\!debug\view.sbr
c:\users\hp\documents\github\xashtasks\xash_build4529_src\temp\cl_dll\!debug\vgui_teammenu.sbr
c:\users\hp\documents\github\xashtasks\xash_build4529_src\temp\cl_dll\!debug\vgui_teamfortressviewport.sbr
c:\users\hp\documents\github\xashtasks\xash_build4529_src\temp\cl_dll\!debug\vgui_spectatorpanel.sbr
c:\users\hp\documents\github\xashtasks\xash_build4529_src\temp\cl_dll\!debug\vgui_serverbrowser.sbr
c:\users\hp\documents\github\xashtasks\xash_build4529_src\temp\cl_dll\!debug\vgui_scorepanel.sbr
c:\users\hp\documents\github\xashtasks\xash_build4529_src\temp\cl_dll\!debug\vgui_schememanager.sbr
c:\users\hp\documents\github\xashtasks\xash_build4529_src\temp\cl_dll\!debug\vgui_motdwindow.sbr
c:\users\hp\documents\github\xashtasks\xash_build4529_src\temp\cl_dll\!debug\vgui_int.sbr
c:\users\hp\documents\github\xashtasks\xash_build4529_src\temp\cl_dll\!debug\vgui_customobjects.sbr
c:\users\hp\documents\github\xashtasks\xash_build4529_src\temp\cl_dll\!debug\vgui_controlconfigpanel.sbr
c:\users\hp\documents\github\xashtasks\xash_build4529_src\temp\cl_dll\!debug\vgui_consolepanel.sbr
c:\users\hp\documents\github\xashtasks\xash_build4529_src\temp\cl_dll\!debug\vgui_classmenu.sbr
c:\users\hp\documents\github\xashtasks\xash_build4529_src\temp\cl_dll\!debug\util.sbr
c:\users\hp\documents\github\xashtasks\xash_build4529_src\temp\cl_dll\!debug\tri.sbr
c:\users\hp\documents\github\xashtasks\xash_build4529_src\temp\cl_dll\!debug\train.sbr
c:\users\hp\documents\github\xashtasks\xash_build4529_src\temp\cl_dll\!debug\text_message.sbr
c:\users\hp\documents\github\xashtasks\xash_build4529_src\temp\cl_dll\!debug\studio_util.sbr
c:\users\hp\documents\github\xashtasks\xash_build4529_src\temp\cl_dll\!debug\studiomodelrenderer.sbr
c:\users\hp\documents\github\xashtasks\xash_build4529_src\temp\cl_dll\!debug\status_icons.sbr
c:\users\hp\documents\github\xashtasks\xash_build4529_src\temp\cl_dll\!debug\status_icons.obj
c:\users\hp\documents\github\xashtasks\xash_build4529_src\temp\cl_dll\!debug\studiomodelrenderer.obj
c:\users\hp\documents\github\xashtasks\xash_build4529_src\temp\cl_dll\!debug\studio_util.obj
c:\users\hp\documents\github\xashtasks\xash_build4529_src\temp\cl_dll\!debug\text_message.obj
c:\users\hp\documents\github\xashtasks\xash_build4529_src\temp\cl_dll\!debug\train.obj
c:\users\hp\documents\github\xashtasks\xash_build4529_src\temp\cl_dll\!debug\tri.obj
c:\users\hp\documents\github\xashtasks\xash_build4529_src\temp\cl_dll\!debug\util.obj
c:\users\hp\documents\github\xashtasks\xash_build4529_src\temp\cl_dll\!debug\vgui_classmenu.obj
c:\users\hp\documents\github\xashtasks\xash_build4529_src\temp\cl_dll\!debug\vgui_consolepanel.obj
c:\users\hp\documents\github\xashtasks\xash_build4529_src\temp\cl_dll\!debug\vgui_controlconfigpanel.obj
c:\users\hp\documents\github\xashtasks\xash_build4529_src\temp\cl_dll\!debug\vgui_customobjects.obj
c:\users\hp\documents\github\xashtasks\xash_build4529_src\temp\cl_dll\!debug\vgui_int.obj
c:\users\hp\documents\github\xashtasks\xash_build4529_src\temp\cl_dll\!debug\vgui_motdwindow.obj
c:\users\hp\documents\github\xashtasks\xash_build4529_src\temp\cl_dll\!debug\vgui_schememanager.obj
c:\users\hp\documents\github\xashtasks\xash_build4529_src\temp\cl_dll\!debug\vgui_scorepanel.obj
c:\users\hp\documents\github\xashtasks\xash_build4529_src\temp\cl_dll\!debug\vgui_serverbrowser.obj
c:\users\hp\documents\github\xashtasks\xash_build4529_src\temp\cl_dll\!debug\vgui_spectatorpanel.obj
c:\users\hp\documents\github\xashtasks\xash_build4529_src\temp\cl_dll\!debug\vgui_teamfortressviewport.obj
c:\users\hp\documents\github\xashtasks\xash_build4529_src\temp\cl_dll\!debug\vgui_teammenu.obj
c:\users\hp\documents\github\xashtasks\xash_build4529_src\temp\cl_dll\!debug\view.obj
c:\users\hp\documents\github\xashtasks\xash_build4529_src\temp\cl_dll\!debug\statusbar.sbr
c:\users\hp\documents\github\xashtasks\xash_build4529_src\temp\cl_dll\!debug\saytext.sbr
c:\users\hp\documents\github\xashtasks\xash_build4529_src\temp\cl_dll\!debug\parsemsg.sbr
c:\users\hp\documents\github\xashtasks\xash_build4529_src\temp\cl_dll\!debug\message.sbr
c:\users\hp\documents\github\xashtasks\xash_build4529_src\temp\cl_dll\!debug\menu.sbr
c:\users\hp\documents\github\xashtasks\xash_build4529_src\temp\cl_dll\!debug\in_camera.sbr
c:\users\hp\documents\github\xashtasks\xash_build4529_src\temp\cl_dll\!debug\inputw32.sbr
c:\users\hp\documents\github\xashtasks\xash_build4529_src\temp\cl_dll\!debug\input.sbr
c:\users\hp\documents\github\xashtasks\xash_build4529_src\temp\cl_dll\!debug\hud_update.sbr
c:\users\hp\documents\github\xashtasks\xash_build4529_src\temp\cl_dll\!debug\hud_spectator.sbr
c:\users\hp\documents\github\xashtasks\xash_build4529_src\temp\cl_dll\!debug\hud_servers.sbr
c:\users\hp\documents\github\xashtasks\xash_build4529_src\temp\cl_dll\!debug\hud_redraw.sbr
c:\users\hp\documents\github\xashtasks\xash_build4529_src\temp\cl_dll\!debug\hud_msg.sbr
c:\users\hp\documents\github\xashtasks\xash_build4529_src\temp\cl_dll\!debug\hud.sbr
c:\users\hp\documents\github\xashtasks\xash_build4529_src\temp\cl_dll\!debug\hl_weapons.sbr
c:\users\hp\documents\github\xashtasks\xash_build4529_src\temp\cl_dll\!debug\hl_objects.sbr
c:\users\hp\documents\github\xashtasks\xash_build4529_src\temp\cl_dll\!debug\hl_events.sbr
c:\users\hp\documents\github\xashtasks\xash_build4529_src\temp\cl_dll\!debug\hl_baseentity.sbr
c:\users\hp\documents\github\xashtasks\xash_build4529_src\temp\cl_dll\!debug\health.sbr
c:\users\hp\documents\github\xashtasks\xash_build4529_src\temp\cl_dll\!debug\geiger.sbr
c:\users\hp\documents\github\xashtasks\xash_build4529_src\temp\cl_dll\!debug\geiger.obj
c:\users\hp\documents\github\xashtasks\xash_build4529_src\temp\cl_dll\!debug\health.obj
c:\users\hp\documents\github\xashtasks\xash_build4529_src\temp\cl_dll\!debug\hl_baseentity.obj
c:\users\hp\documents\github\xashtasks\xash_build4529_src\temp\cl_dll\!debug\hl_events.obj
c:\users\hp\documents\github\xashtasks\xash_build4529_src\temp\cl_dll\!debug\hl_objects.obj
c:\users\hp\documents\github\xashtasks\xash_build4529_src\temp\cl_dll\!debug\hl_weapons.obj
c:\users\hp\documents\github\xashtasks\xash_build4529_src\temp\cl_dll\!debug\hud.obj
c:\users\hp\documents\github\xashtasks\xash_build4529_src\temp\cl_dll\!debug\hud_msg.obj
c:\users\hp\documents\github\xashtasks\xash_build4529_src\temp\cl_dll\!debug\hud_redraw.obj
c:\users\hp\documents\github\xashtasks\xash_build4529_src\temp\cl_dll\!debug\hud_servers.obj
c:\users\hp\documents\github\xashtasks\xash_build4529_src\temp\cl_dll\!debug\hud_spectator.obj
c:\users\hp\documents\github\xashtasks\xash_build4529_src\temp\cl_dll\!debug\hud_update.obj
c:\users\hp\documents\github\xashtasks\xash_build4529_src\temp\cl_dll\!debug\input.obj
c:\users\hp\documents\github\xashtasks\xash_build4529_src\temp\cl_dll\!debug\inputw32.obj
c:\users\hp\documents\github\xashtasks\xash_build4529_src\temp\cl_dll\!debug\in_camera.obj
c:\users\hp\documents\github\xashtasks\xash_build4529_src\temp\cl_dll\!debug\menu.obj
c:\users\hp\documents\github\xashtasks\xash_build4529_src\temp\cl_dll\!debug\message.obj
c:\users\hp\documents\github\xashtasks\xash_build4529_src\temp\cl_dll\!debug\parsemsg.obj
c:\users\hp\documents\github\xashtasks\xash_build4529_src\temp\cl_dll\!debug\saytext.obj
c:\users\hp\documents\github\xashtasks\xash_build4529_src\temp\cl_dll\!debug\statusbar.obj
c:\users\hp\documents\github\xashtasks\xash_build4529_src\temp\cl_dll\!debug\gamestudiomodelrenderer.sbr
c:\users\hp\documents\github\xashtasks\xash_build4529_src\temp\cl_dll\!debug\flashlight.sbr
c:\users\hp\documents\github\xashtasks\xash_build4529_src\temp\cl_dll\!debug\ev_hldm.sbr
c:\users\hp\documents\github\xashtasks\xash_build4529_src\temp\cl_dll\!debug\ev_common.sbr
c:\users\hp\documents\github\xashtasks\xash_build4529_src\temp\cl_dll\!debug\events.sbr
c:\users\hp\documents\github\xashtasks\xash_build4529_src\temp\cl_dll\!debug\entity.sbr
c:\users\hp\documents\github\xashtasks\xash_build4529_src\temp\cl_dll\!debug\demo.sbr
c:\users\hp\documents\github\xashtasks\xash_build4529_src\temp\cl_dll\!debug\death.sbr
c:\users\hp\documents\github\xashtasks\xash_build4529_src\temp\cl_dll\!debug\com_weapons.sbr
c:\users\hp\documents\github\xashtasks\xash_build4529_src\temp\cl_dll\!debug\cdll_int.sbr
c:\users\hp\documents\github\xashtasks\xash_build4529_src\temp\cl_dll\!debug\battery.sbr
c:\users\hp\documents\github\xashtasks\xash_build4529_src\temp\cl_dll\!debug\ammo_secondary.sbr
c:\users\hp\documents\github\xashtasks\xash_build4529_src\temp\cl_dll\!debug\ammohistory.sbr
c:\users\hp\documents\github\xashtasks\xash_build4529_src\temp\cl_dll\!debug\ammo.sbr
c:\users\hp\documents\github\xashtasks\xash_build4529_src\temp\cl_dll\!debug\voice_status.sbr
c:\users\hp\documents\github\xashtasks\xash_build4529_src\temp\cl_dll\!debug\voice_banmgr.sbr
c:\users\hp\documents\github\xashtasks\xash_build4529_src\temp\cl_dll\!debug\vgui_slider2.sbr
c:\users\hp\documents\github\xashtasks\xash_build4529_src\temp\cl_dll\!debug\vgui_scrollbar2.sbr
c:\users\hp\documents\github\xashtasks\xash_build4529_src\temp\cl_dll\!debug\vgui_loadtga.sbr
c:\users\hp\documents\github\xashtasks\xash_build4529_src\temp\cl_dll\!debug\vgui_listbox.sbr
c:\users\hp\documents\github\xashtasks\xash_build4529_src\temp\cl_dll\!debug\vgui_listbox.obj
c:\users\hp\documents\github\xashtasks\xash_build4529_src\temp\cl_dll\!debug\vgui_loadtga.obj
c:\users\hp\documents\github\xashtasks\xash_build4529_src\temp\cl_dll\!debug\vgui_scrollbar2.obj
c:\users\hp\documents\github\xashtasks\xash_build4529_src\temp\cl_dll\!debug\vgui_slider2.obj
c:\users\hp\documents\github\xashtasks\xash_build4529_src\temp\cl_dll\!debug\voice_banmgr.obj
c:\users\hp\documents\github\xashtasks\xash_build4529_src\temp\cl_dll\!debug\voice_status.obj
c:\users\hp\documents\github\xashtasks\xash_build4529_src\temp\cl_dll\!debug\ammo.obj
c:\users\hp\documents\github\xashtasks\xash_build4529_src\temp\cl_dll\!debug\ammohistory.obj
c:\users\hp\documents\github\xashtasks\xash_build4529_src\temp\cl_dll\!debug\ammo_secondary.obj
c:\users\hp\documents\github\xashtasks\xash_build4529_src\temp\cl_dll\!debug\battery.obj
c:\users\hp\documents\github\xashtasks\xash_build4529_src\temp\cl_dll\!debug\cdll_int.obj
c:\users\hp\documents\github\xashtasks\xash_build4529_src\temp\cl_dll\!debug\com_weapons.obj
c:\users\hp\documents\github\xashtasks\xash_build4529_src\temp\cl_dll\!debug\death.obj
c:\users\hp\documents\github\xashtasks\xash_build4529_src\temp\cl_dll\!debug\demo.obj
c:\users\hp\documents\github\xashtasks\xash_build4529_src\temp\cl_dll\!debug\entity.obj
c:\users\hp\documents\github\xashtasks\xash_build4529_src\temp\cl_dll\!debug\events.obj
c:\users\hp\documents\github\xashtasks\xash_build4529_src\temp\cl_dll\!debug\ev_common.obj
c:\users\hp\documents\github\xashtasks\xash_build4529_src\temp\cl_dll\!debug\ev_hldm.obj
c:\users\hp\documents\github\xashtasks\xash_build4529_src\temp\cl_dll\!debug\flashlight.obj
c:\users\hp\documents\github\xashtasks\xash_build4529_src\temp\cl_dll\!debug\gamestudiomodelrenderer.obj
c:\users\hp\documents\github\xashtasks\xash_build4529_src\temp\cl_dll\!debug\vgui_helpers.sbr
c:\users\hp\documents\github\xashtasks\xash_build4529_src\temp\cl_dll\!debug\vgui_grid.sbr
c:\users\hp\documents\github\xashtasks\xash_build4529_src\temp\cl_dll\!debug\vgui_checkbutton2.sbr
c:\users\hp\documents\github\xashtasks\xash_build4529_src\temp\cl_dll\!debug\tripmine.sbr
c:\users\hp\documents\github\xashtasks\xash_build4529_src\temp\cl_dll\!debug\squeakgrenade.sbr
c:\users\hp\documents\github\xashtasks\xash_build4529_src\temp\cl_dll\!debug\shotgun.sbr
c:\users\hp\documents\github\xashtasks\xash_build4529_src\temp\cl_dll\!debug\satchel.sbr
c:\users\hp\documents\github\xashtasks\xash_build4529_src\temp\cl_dll\!debug\rpg.sbr
c:\users\hp\documents\github\xashtasks\xash_build4529_src\temp\cl_dll\!debug\python.sbr
c:\users\hp\documents\github\xashtasks\xash_build4529_src\temp\cl_dll\!debug\mp5.sbr
c:\users\hp\documents\github\xashtasks\xash_build4529_src\temp\cl_dll\!debug\hornetgun.sbr
c:\users\hp\documents\github\xashtasks\xash_build4529_src\temp\cl_dll\!debug\handgrenade.sbr
c:\users\hp\documents\github\xashtasks\xash_build4529_src\temp\cl_dll\!debug\glock.sbr
c:\users\hp\documents\github\xashtasks\xash_build4529_src\temp\cl_dll\!debug\gauss.sbr
c:\users\hp\documents\github\xashtasks\xash_build4529_src\temp\cl_dll\!debug\egon.sbr
c:\users\hp\documents\github\xashtasks\xash_build4529_src\temp\cl_dll\!debug\crowbar.sbr
c:\users\hp\documents\github\xashtasks\xash_build4529_src\temp\cl_dll\!debug\crossbow.sbr
c:\users\hp\documents\github\xashtasks\xash_build4529_src\temp\cl_dll\!debug\crossbow.obj
c:\users\hp\documents\github\xashtasks\xash_build4529_src\temp\cl_dll\!debug\crowbar.obj
c:\users\hp\documents\github\xashtasks\xash_build4529_src\temp\cl_dll\!debug\egon.obj
c:\users\hp\documents\github\xashtasks\xash_build4529_src\temp\cl_dll\!debug\gauss.obj
c:\users\hp\documents\github\xashtasks\xash_build4529_src\temp\cl_dll\!debug\glock.obj
c:\users\hp\documents\github\xashtasks\xash_build4529_src\temp\cl_dll\!debug\handgrenade.obj
c:\users\hp\documents\github\xashtasks\xash_build4529_src\temp\cl_dll\!debug\hornetgun.obj
c:\users\hp\documents\github\xashtasks\xash_build4529_src\temp\cl_dll\!debug\mp5.obj
c:\users\hp\documents\github\xashtasks\xash_build4529_src\temp\cl_dll\!debug\python.obj
c:\users\hp\documents\github\xashtasks\xash_build4529_src\temp\cl_dll\!debug\rpg.obj
c:\users\hp\documents\github\xashtasks\xash_build4529_src\temp\cl_dll\!debug\satchel.obj
c:\users\hp\documents\github\xashtasks\xash_build4529_src\temp\cl_dll\!debug\shotgun.obj
c:\users\hp\documents\github\xashtasks\xash_build4529_src\temp\cl_dll\!debug\squeakgrenade.obj
c:\users\hp\documents\github\xashtasks\xash_build4529_src\temp\cl_dll\!debug\tripmine.obj
c:\users\hp\documents\github\xashtasks\xash_build4529_src\temp\cl_dll\!debug\vgui_checkbutton2.obj
c:\users\hp\documents\github\xashtasks\xash_build4529_src\temp\cl_dll\!debug\vgui_grid.obj
c:\users\hp\documents\github\xashtasks\xash_build4529_src\temp\cl_dll\!debug\vgui_helpers.obj
c:\users\hp\documents\github\xashtasks\xash_build4529_src\temp\cl_dll\!debug\pm_shared.sbr
c:\users\hp\documents\github\xashtasks\xash_build4529_src\temp\cl_dll\!debug\pm_math.sbr
c:\users\hp\documents\github\xashtasks\xash_build4529_src\temp\cl_dll\!debug\pm_debug.sbr
c:\users\hp\documents\github\xashtasks\xash_build4529_src\temp\cl_dll\!debug\pm_debug.obj
c:\users\hp\documents\github\xashtasks\xash_build4529_src\temp\cl_dll\!debug\pm_math.obj
c:\users\hp\documents\github\xashtasks\xash_build4529_src\temp\cl_dll\!debug\pm_shared.obj
c:\users\hp\documents\github\xashtasks\xash_build4529_src\temp\cl_dll\!debug\client.lib
c:\users\hp\documents\github\xashtasks\xash_build4529_src\temp\cl_dll\!debug\client.exp
c:\users\hp\documents\github\xashtasks\xash3d\valve\cl_dlls\client.dll
c:\users\hp\documents\github\xashtasks\xash_build4529_src\temp\cl_dll\!debug\cl_dll.ilk
c:\users\hp\documents\github\xashtasks\xash_build4529_src\temp\cl_dll\!debug\client.dll
c:\users\hp\documents\github\xashtasks\xash_build4529_src\temp\cl_dll\!debug\cl_dll.pdb
c:\users\hp\documents\github\xashtasks\xash_build4529_src\temp\cl_dll\!debug\cl_dll.tlog\bscmake.command.1.tlog
c:\users\hp\documents\github\xashtasks\xash_build4529_src\temp\cl_dll\!debug\cl_dll.tlog\bscmake.read.1.tlog
c:\users\hp\documents\github\xashtasks\xash_build4529_src\temp\cl_dll\!debug\cl_dll.tlog\bscmake.write.1.tlog
c:\users\hp\documents\github\xashtasks\xash_build4529_src\temp\cl_dll\!debug\cl_dll.tlog\cl.command.1.tlog
c:\users\hp\documents\github\xashtasks\xash_build4529_src\temp\cl_dll\!debug\cl_dll.tlog\cl.read.1.tlog
c:\users\hp\documents\github\xashtasks\xash_build4529_src\temp\cl_dll\!debug\cl_dll.tlog\cl.write.1.tlog
c:\users\hp\documents\github\xashtasks\xash_build4529_src\temp\cl_dll\!debug\cl_dll.tlog\cl_dll.write.1u.tlog
c:\users\hp\documents\github\xashtasks\xash_build4529_src\temp\cl_dll\!debug\cl_dll.tlog\custombuildstep.read.1u.tlog
c:\users\hp\documents\github\xashtasks\xash_build4529_src\temp\cl_dll\!debug\cl_dll.tlog\custombuildstep.write.1u.tlog
c:\users\hp\documents\github\xashtasks\xash_build4529_src\temp\cl_dll\!debug\cl_dll.tlog\link.command.1.tlog
c:\users\hp\documents\github\xashtasks\xash_build4529_src\temp\cl_dll\!debug\cl_dll.tlog\link.read.1.tlog
c:\users\hp\documents\github\xashtasks\xash_build4529_src\temp\cl_dll\!debug\cl_dll.tlog\link.write.1.tlog
