c:\users\hp\documents\github\xashtasks\xash_build4529_src\temp\mainui\!debug\mainui.bsc
c:\users\hp\documents\github\xashtasks\xash_build4529_src\temp\mainui\!debug\vc142.pdb
c:\users\hp\documents\github\xashtasks\xash_build4529_src\temp\mainui\!debug\vc142.idb
c:\users\hp\documents\github\xashtasks\xash_build4529_src\temp\mainui\!debug\utils.sbr
c:\users\hp\documents\github\xashtasks\xash_build4529_src\temp\mainui\!debug\ui_title_anim.sbr
c:\users\hp\documents\github\xashtasks\xash_build4529_src\temp\mainui\!debug\udll_int.sbr
c:\users\hp\documents\github\xashtasks\xash_build4529_src\temp\mainui\!debug\menu_vidoptions.sbr
c:\users\hp\documents\github\xashtasks\xash_build4529_src\temp\mainui\!debug\menu_vidmodes.sbr
c:\users\hp\documents\github\xashtasks\xash_build4529_src\temp\mainui\!debug\menu_video.sbr
c:\users\hp\documents\github\xashtasks\xash_build4529_src\temp\mainui\!debug\menu_strings.sbr
c:\users\hp\documents\github\xashtasks\xash_build4529_src\temp\mainui\!debug\menu_saveload.sbr
c:\users\hp\documents\github\xashtasks\xash_build4529_src\temp\mainui\!debug\menu_savegame.sbr
c:\users\hp\documents\github\xashtasks\xash_build4529_src\temp\mainui\!debug\menu_playersetup.sbr
c:\users\hp\documents\github\xashtasks\xash_build4529_src\temp\mainui\!debug\menu_newgame.sbr
c:\users\hp\documents\github\xashtasks\xash_build4529_src\temp\mainui\!debug\menu_multiplayer.sbr
c:\users\hp\documents\github\xashtasks\xash_build4529_src\temp\mainui\!debug\menu_main.sbr
c:\users\hp\documents\github\xashtasks\xash_build4529_src\temp\mainui\!debug\menu_loadgame.sbr
c:\users\hp\documents\github\xashtasks\xash_build4529_src\temp\mainui\!debug\menu_langame.sbr
c:\users\hp\documents\github\xashtasks\xash_build4529_src\temp\mainui\!debug\menu_internetgames.sbr
c:\users\hp\documents\github\xashtasks\xash_build4529_src\temp\mainui\!debug\menu_gameoptions.sbr
c:\users\hp\documents\github\xashtasks\xash_build4529_src\temp\mainui\!debug\menu_customgame.sbr
c:\users\hp\documents\github\xashtasks\xash_build4529_src\temp\mainui\!debug\menu_credits.sbr
c:\users\hp\documents\github\xashtasks\xash_build4529_src\temp\mainui\!debug\menu_creategame.sbr
c:\users\hp\documents\github\xashtasks\xash_build4529_src\temp\mainui\!debug\menu_creategame.obj
c:\users\hp\documents\github\xashtasks\xash_build4529_src\temp\mainui\!debug\menu_credits.obj
c:\users\hp\documents\github\xashtasks\xash_build4529_src\temp\mainui\!debug\menu_customgame.obj
c:\users\hp\documents\github\xashtasks\xash_build4529_src\temp\mainui\!debug\menu_gameoptions.obj
c:\users\hp\documents\github\xashtasks\xash_build4529_src\temp\mainui\!debug\menu_internetgames.obj
c:\users\hp\documents\github\xashtasks\xash_build4529_src\temp\mainui\!debug\menu_langame.obj
c:\users\hp\documents\github\xashtasks\xash_build4529_src\temp\mainui\!debug\menu_loadgame.obj
c:\users\hp\documents\github\xashtasks\xash_build4529_src\temp\mainui\!debug\menu_main.obj
c:\users\hp\documents\github\xashtasks\xash_build4529_src\temp\mainui\!debug\menu_multiplayer.obj
c:\users\hp\documents\github\xashtasks\xash_build4529_src\temp\mainui\!debug\menu_newgame.obj
c:\users\hp\documents\github\xashtasks\xash_build4529_src\temp\mainui\!debug\menu_playersetup.obj
c:\users\hp\documents\github\xashtasks\xash_build4529_src\temp\mainui\!debug\menu_savegame.obj
c:\users\hp\documents\github\xashtasks\xash_build4529_src\temp\mainui\!debug\menu_saveload.obj
c:\users\hp\documents\github\xashtasks\xash_build4529_src\temp\mainui\!debug\menu_strings.obj
c:\users\hp\documents\github\xashtasks\xash_build4529_src\temp\mainui\!debug\menu_video.obj
c:\users\hp\documents\github\xashtasks\xash_build4529_src\temp\mainui\!debug\menu_vidmodes.obj
c:\users\hp\documents\github\xashtasks\xash_build4529_src\temp\mainui\!debug\menu_vidoptions.obj
c:\users\hp\documents\github\xashtasks\xash_build4529_src\temp\mainui\!debug\udll_int.obj
c:\users\hp\documents\github\xashtasks\xash_build4529_src\temp\mainui\!debug\ui_title_anim.obj
c:\users\hp\documents\github\xashtasks\xash_build4529_src\temp\mainui\!debug\utils.obj
c:\users\hp\documents\github\xashtasks\xash_build4529_src\temp\mainui\!debug\menu_controls.sbr
c:\users\hp\documents\github\xashtasks\xash_build4529_src\temp\mainui\!debug\menu_configuration.sbr
c:\users\hp\documents\github\xashtasks\xash_build4529_src\temp\mainui\!debug\menu_btns.sbr
c:\users\hp\documents\github\xashtasks\xash_build4529_src\temp\mainui\!debug\menu_audio.sbr
c:\users\hp\documents\github\xashtasks\xash_build4529_src\temp\mainui\!debug\menu_advcontrols.sbr
c:\users\hp\documents\github\xashtasks\xash_build4529_src\temp\mainui\!debug\basemenu.sbr
c:\users\hp\documents\github\xashtasks\xash_build4529_src\temp\mainui\!debug\basemenu.obj
c:\users\hp\documents\github\xashtasks\xash_build4529_src\temp\mainui\!debug\menu_advcontrols.obj
c:\users\hp\documents\github\xashtasks\xash_build4529_src\temp\mainui\!debug\menu_audio.obj
c:\users\hp\documents\github\xashtasks\xash_build4529_src\temp\mainui\!debug\menu_btns.obj
c:\users\hp\documents\github\xashtasks\xash_build4529_src\temp\mainui\!debug\menu_configuration.obj
c:\users\hp\documents\github\xashtasks\xash_build4529_src\temp\mainui\!debug\menu_controls.obj
c:\users\hp\documents\github\xashtasks\xash3d\menu.dll
c:\users\hp\documents\github\xashtasks\xash_build4529_src\temp\mainui\!debug\mainui.ilk
c:\users\hp\documents\github\xashtasks\xash_build4529_src\temp\mainui\!debug\menu.dll
c:\users\hp\documents\github\xashtasks\xash_build4529_src\temp\mainui\!debug\mainui.pdb
c:\users\hp\documents\github\xashtasks\xash_build4529_src\temp\mainui\!debug\menu.lib
c:\users\hp\documents\github\xashtasks\xash_build4529_src\temp\mainui\!debug\menu.exp
c:\users\hp\documents\github\xashtasks\xash_build4529_src\temp\mainui\!debug\mainui.tlog\bscmake.command.1.tlog
c:\users\hp\documents\github\xashtasks\xash_build4529_src\temp\mainui\!debug\mainui.tlog\bscmake.read.1.tlog
c:\users\hp\documents\github\xashtasks\xash_build4529_src\temp\mainui\!debug\mainui.tlog\bscmake.write.1.tlog
c:\users\hp\documents\github\xashtasks\xash_build4529_src\temp\mainui\!debug\mainui.tlog\cl.command.1.tlog
c:\users\hp\documents\github\xashtasks\xash_build4529_src\temp\mainui\!debug\mainui.tlog\cl.read.1.tlog
c:\users\hp\documents\github\xashtasks\xash_build4529_src\temp\mainui\!debug\mainui.tlog\cl.write.1.tlog
c:\users\hp\documents\github\xashtasks\xash_build4529_src\temp\mainui\!debug\mainui.tlog\custombuildstep.read.1u.tlog
c:\users\hp\documents\github\xashtasks\xash_build4529_src\temp\mainui\!debug\mainui.tlog\custombuildstep.write.1u.tlog
c:\users\hp\documents\github\xashtasks\xash_build4529_src\temp\mainui\!debug\mainui.tlog\link.command.1.tlog
c:\users\hp\documents\github\xashtasks\xash_build4529_src\temp\mainui\!debug\mainui.tlog\link.read.1.tlog
c:\users\hp\documents\github\xashtasks\xash_build4529_src\temp\mainui\!debug\mainui.tlog\link.write.1.tlog
c:\users\hp\documents\github\xashtasks\xash_build4529_src\temp\mainui\!debug\mainui.tlog\mainui.write.1u.tlog
