c:\users\hp\documents\github\xashtasks\xash_build4529_src\temp\engine\!debug\engine.bsc
c:\users\hp\documents\github\xashtasks\xash_build4529_src\temp\engine\!debug\vc142.pdb
c:\users\hp\documents\github\xashtasks\xash_build4529_src\temp\engine\!debug\vc142.idb
c:\users\hp\documents\github\xashtasks\xash_build4529_src\temp\engine\!debug\sv_world.sbr
c:\users\hp\documents\github\xashtasks\xash_build4529_src\temp\engine\!debug\sv_save.sbr
c:\users\hp\documents\github\xashtasks\xash_build4529_src\temp\engine\!debug\sv_pmove.sbr
c:\users\hp\documents\github\xashtasks\xash_build4529_src\temp\engine\!debug\sv_phys.sbr
c:\users\hp\documents\github\xashtasks\xash_build4529_src\temp\engine\!debug\sv_move.sbr
c:\users\hp\documents\github\xashtasks\xash_build4529_src\temp\engine\!debug\sv_main.sbr
c:\users\hp\documents\github\xashtasks\xash_build4529_src\temp\engine\!debug\sv_log.sbr
c:\users\hp\documents\github\xashtasks\xash_build4529_src\temp\engine\!debug\sv_init.sbr
c:\users\hp\documents\github\xashtasks\xash_build4529_src\temp\engine\!debug\sv_game.sbr
c:\users\hp\documents\github\xashtasks\xash_build4529_src\temp\engine\!debug\sv_frame.sbr
c:\users\hp\documents\github\xashtasks\xash_build4529_src\temp\engine\!debug\sv_custom.sbr
c:\users\hp\documents\github\xashtasks\xash_build4529_src\temp\engine\!debug\sv_cmds.sbr
c:\users\hp\documents\github\xashtasks\xash_build4529_src\temp\engine\!debug\sv_client.sbr
c:\users\hp\documents\github\xashtasks\xash_build4529_src\temp\engine\!debug\zone.sbr
c:\users\hp\documents\github\xashtasks\xash_build4529_src\temp\engine\!debug\world.sbr
c:\users\hp\documents\github\xashtasks\xash_build4529_src\temp\engine\!debug\titles.sbr
c:\users\hp\documents\github\xashtasks\xash_build4529_src\temp\engine\!debug\sys_win.sbr
c:\users\hp\documents\github\xashtasks\xash_build4529_src\temp\engine\!debug\sys_con.sbr
c:\users\hp\documents\github\xashtasks\xash_build4529_src\temp\engine\!debug\snd_wav.sbr
c:\users\hp\documents\github\xashtasks\xash_build4529_src\temp\engine\!debug\snd_utils.sbr
c:\users\hp\documents\github\xashtasks\xash_build4529_src\temp\engine\!debug\snd_utils.obj
c:\users\hp\documents\github\xashtasks\xash_build4529_src\temp\engine\!debug\snd_utils.asm
c:\users\hp\documents\github\xashtasks\xash_build4529_src\temp\engine\!debug\snd_wav.obj
c:\users\hp\documents\github\xashtasks\xash_build4529_src\temp\engine\!debug\snd_wav.asm
c:\users\hp\documents\github\xashtasks\xash_build4529_src\temp\engine\!debug\sys_con.obj
c:\users\hp\documents\github\xashtasks\xash_build4529_src\temp\engine\!debug\sys_con.asm
c:\users\hp\documents\github\xashtasks\xash_build4529_src\temp\engine\!debug\sys_win.obj
c:\users\hp\documents\github\xashtasks\xash_build4529_src\temp\engine\!debug\sys_win.asm
c:\users\hp\documents\github\xashtasks\xash_build4529_src\temp\engine\!debug\titles.obj
c:\users\hp\documents\github\xashtasks\xash_build4529_src\temp\engine\!debug\titles.asm
c:\users\hp\documents\github\xashtasks\xash_build4529_src\temp\engine\!debug\world.obj
c:\users\hp\documents\github\xashtasks\xash_build4529_src\temp\engine\!debug\world.asm
c:\users\hp\documents\github\xashtasks\xash_build4529_src\temp\engine\!debug\zone.obj
c:\users\hp\documents\github\xashtasks\xash_build4529_src\temp\engine\!debug\zone.asm
c:\users\hp\documents\github\xashtasks\xash_build4529_src\temp\engine\!debug\sv_client.obj
c:\users\hp\documents\github\xashtasks\xash_build4529_src\temp\engine\!debug\sv_client.asm
c:\users\hp\documents\github\xashtasks\xash_build4529_src\temp\engine\!debug\sv_cmds.obj
c:\users\hp\documents\github\xashtasks\xash_build4529_src\temp\engine\!debug\sv_cmds.asm
c:\users\hp\documents\github\xashtasks\xash_build4529_src\temp\engine\!debug\sv_custom.obj
c:\users\hp\documents\github\xashtasks\xash_build4529_src\temp\engine\!debug\sv_custom.asm
c:\users\hp\documents\github\xashtasks\xash_build4529_src\temp\engine\!debug\sv_frame.obj
c:\users\hp\documents\github\xashtasks\xash_build4529_src\temp\engine\!debug\sv_frame.asm
c:\users\hp\documents\github\xashtasks\xash_build4529_src\temp\engine\!debug\sv_game.obj
c:\users\hp\documents\github\xashtasks\xash_build4529_src\temp\engine\!debug\sv_game.asm
c:\users\hp\documents\github\xashtasks\xash_build4529_src\temp\engine\!debug\sv_init.obj
c:\users\hp\documents\github\xashtasks\xash_build4529_src\temp\engine\!debug\sv_init.asm
c:\users\hp\documents\github\xashtasks\xash_build4529_src\temp\engine\!debug\sv_log.obj
c:\users\hp\documents\github\xashtasks\xash_build4529_src\temp\engine\!debug\sv_log.asm
c:\users\hp\documents\github\xashtasks\xash_build4529_src\temp\engine\!debug\sv_main.obj
c:\users\hp\documents\github\xashtasks\xash_build4529_src\temp\engine\!debug\sv_main.asm
c:\users\hp\documents\github\xashtasks\xash_build4529_src\temp\engine\!debug\sv_move.obj
c:\users\hp\documents\github\xashtasks\xash_build4529_src\temp\engine\!debug\sv_move.asm
c:\users\hp\documents\github\xashtasks\xash_build4529_src\temp\engine\!debug\sv_phys.obj
c:\users\hp\documents\github\xashtasks\xash_build4529_src\temp\engine\!debug\sv_phys.asm
c:\users\hp\documents\github\xashtasks\xash_build4529_src\temp\engine\!debug\sv_pmove.obj
c:\users\hp\documents\github\xashtasks\xash_build4529_src\temp\engine\!debug\sv_pmove.asm
c:\users\hp\documents\github\xashtasks\xash_build4529_src\temp\engine\!debug\sv_save.obj
c:\users\hp\documents\github\xashtasks\xash_build4529_src\temp\engine\!debug\sv_save.asm
c:\users\hp\documents\github\xashtasks\xash_build4529_src\temp\engine\!debug\sv_world.obj
c:\users\hp\documents\github\xashtasks\xash_build4529_src\temp\engine\!debug\sv_world.asm
c:\users\hp\documents\github\xashtasks\xash_build4529_src\temp\engine\!debug\snd_mp3.sbr
c:\users\hp\documents\github\xashtasks\xash_build4529_src\temp\engine\!debug\snd_main.sbr
c:\users\hp\documents\github\xashtasks\xash_build4529_src\temp\engine\!debug\pm_trace.sbr
c:\users\hp\documents\github\xashtasks\xash_build4529_src\temp\engine\!debug\pm_surface.sbr
c:\users\hp\documents\github\xashtasks\xash_build4529_src\temp\engine\!debug\pm_debug.sbr
c:\users\hp\documents\github\xashtasks\xash_build4529_src\temp\engine\!debug\net_ws.sbr
c:\users\hp\documents\github\xashtasks\xash_build4529_src\temp\engine\!debug\net_encode.sbr
c:\users\hp\documents\github\xashtasks\xash_build4529_src\temp\engine\!debug\net_chan.sbr
c:\users\hp\documents\github\xashtasks\xash_build4529_src\temp\engine\!debug\net_buffer.sbr
c:\users\hp\documents\github\xashtasks\xash_build4529_src\temp\engine\!debug\mod_studio.sbr
c:\users\hp\documents\github\xashtasks\xash_build4529_src\temp\engine\!debug\mod_dbghulls.sbr
c:\users\hp\documents\github\xashtasks\xash_build4529_src\temp\engine\!debug\mod_bmodel.sbr
c:\users\hp\documents\github\xashtasks\xash_build4529_src\temp\engine\!debug\model.sbr
c:\users\hp\documents\github\xashtasks\xash_build4529_src\temp\engine\!debug\matrixlib.sbr
c:\users\hp\documents\github\xashtasks\xash_build4529_src\temp\engine\!debug\mathlib.sbr
c:\users\hp\documents\github\xashtasks\xash_build4529_src\temp\engine\!debug\library.sbr
c:\users\hp\documents\github\xashtasks\xash_build4529_src\temp\engine\!debug\keys.sbr
c:\users\hp\documents\github\xashtasks\xash_build4529_src\temp\engine\!debug\input.sbr
c:\users\hp\documents\github\xashtasks\xash_build4529_src\temp\engine\!debug\infostring.sbr
c:\users\hp\documents\github\xashtasks\xash_build4529_src\temp\engine\!debug\img_wad.sbr
c:\users\hp\documents\github\xashtasks\xash_build4529_src\temp\engine\!debug\img_wad.obj
c:\users\hp\documents\github\xashtasks\xash_build4529_src\temp\engine\!debug\img_wad.asm
c:\users\hp\documents\github\xashtasks\xash_build4529_src\temp\engine\!debug\infostring.obj
c:\users\hp\documents\github\xashtasks\xash_build4529_src\temp\engine\!debug\infostring.asm
c:\users\hp\documents\github\xashtasks\xash_build4529_src\temp\engine\!debug\input.obj
c:\users\hp\documents\github\xashtasks\xash_build4529_src\temp\engine\!debug\input.asm
c:\users\hp\documents\github\xashtasks\xash_build4529_src\temp\engine\!debug\keys.obj
c:\users\hp\documents\github\xashtasks\xash_build4529_src\temp\engine\!debug\keys.asm
c:\users\hp\documents\github\xashtasks\xash_build4529_src\temp\engine\!debug\library.obj
c:\users\hp\documents\github\xashtasks\xash_build4529_src\temp\engine\!debug\library.asm
c:\users\hp\documents\github\xashtasks\xash_build4529_src\temp\engine\!debug\mathlib.obj
c:\users\hp\documents\github\xashtasks\xash_build4529_src\temp\engine\!debug\mathlib.asm
c:\users\hp\documents\github\xashtasks\xash_build4529_src\temp\engine\!debug\matrixlib.obj
c:\users\hp\documents\github\xashtasks\xash_build4529_src\temp\engine\!debug\matrixlib.asm
c:\users\hp\documents\github\xashtasks\xash_build4529_src\temp\engine\!debug\model.obj
c:\users\hp\documents\github\xashtasks\xash_build4529_src\temp\engine\!debug\model.asm
c:\users\hp\documents\github\xashtasks\xash_build4529_src\temp\engine\!debug\mod_bmodel.obj
c:\users\hp\documents\github\xashtasks\xash_build4529_src\temp\engine\!debug\mod_bmodel.asm
c:\users\hp\documents\github\xashtasks\xash_build4529_src\temp\engine\!debug\mod_dbghulls.obj
c:\users\hp\documents\github\xashtasks\xash_build4529_src\temp\engine\!debug\mod_dbghulls.asm
c:\users\hp\documents\github\xashtasks\xash_build4529_src\temp\engine\!debug\mod_studio.obj
c:\users\hp\documents\github\xashtasks\xash_build4529_src\temp\engine\!debug\mod_studio.asm
c:\users\hp\documents\github\xashtasks\xash_build4529_src\temp\engine\!debug\net_buffer.obj
c:\users\hp\documents\github\xashtasks\xash_build4529_src\temp\engine\!debug\net_buffer.asm
c:\users\hp\documents\github\xashtasks\xash_build4529_src\temp\engine\!debug\net_chan.obj
c:\users\hp\documents\github\xashtasks\xash_build4529_src\temp\engine\!debug\net_chan.asm
c:\users\hp\documents\github\xashtasks\xash_build4529_src\temp\engine\!debug\net_encode.obj
c:\users\hp\documents\github\xashtasks\xash_build4529_src\temp\engine\!debug\net_encode.asm
c:\users\hp\documents\github\xashtasks\xash_build4529_src\temp\engine\!debug\net_ws.obj
c:\users\hp\documents\github\xashtasks\xash_build4529_src\temp\engine\!debug\net_ws.asm
c:\users\hp\documents\github\xashtasks\xash_build4529_src\temp\engine\!debug\pm_debug.obj
c:\users\hp\documents\github\xashtasks\xash_build4529_src\temp\engine\!debug\pm_debug.asm
c:\users\hp\documents\github\xashtasks\xash_build4529_src\temp\engine\!debug\pm_surface.obj
c:\users\hp\documents\github\xashtasks\xash_build4529_src\temp\engine\!debug\pm_surface.asm
c:\users\hp\documents\github\xashtasks\xash_build4529_src\temp\engine\!debug\pm_trace.obj
c:\users\hp\documents\github\xashtasks\xash_build4529_src\temp\engine\!debug\pm_trace.asm
c:\users\hp\documents\github\xashtasks\xash_build4529_src\temp\engine\!debug\snd_main.obj
c:\users\hp\documents\github\xashtasks\xash_build4529_src\temp\engine\!debug\snd_main.asm
c:\users\hp\documents\github\xashtasks\xash_build4529_src\temp\engine\!debug\snd_mp3.obj
c:\users\hp\documents\github\xashtasks\xash_build4529_src\temp\engine\!debug\snd_mp3.asm
c:\users\hp\documents\github\xashtasks\xash_build4529_src\temp\engine\!debug\img_utils.sbr
c:\users\hp\documents\github\xashtasks\xash_build4529_src\temp\engine\!debug\img_tga.sbr
c:\users\hp\documents\github\xashtasks\xash_build4529_src\temp\engine\!debug\img_quant.sbr
c:\users\hp\documents\github\xashtasks\xash_build4529_src\temp\engine\!debug\img_main.sbr
c:\users\hp\documents\github\xashtasks\xash_build4529_src\temp\engine\!debug\img_dds.sbr
c:\users\hp\documents\github\xashtasks\xash_build4529_src\temp\engine\!debug\img_bmp.sbr
c:\users\hp\documents\github\xashtasks\xash_build4529_src\temp\engine\!debug\hpak.sbr
c:\users\hp\documents\github\xashtasks\xash_build4529_src\temp\engine\!debug\host_state.sbr
c:\users\hp\documents\github\xashtasks\xash_build4529_src\temp\engine\!debug\host.sbr
c:\users\hp\documents\github\xashtasks\xash_build4529_src\temp\engine\!debug\gamma.sbr
c:\users\hp\documents\github\xashtasks\xash_build4529_src\temp\engine\!debug\filesystem.sbr
c:\users\hp\documents\github\xashtasks\xash_build4529_src\temp\engine\!debug\cvar.sbr
c:\users\hp\documents\github\xashtasks\xash_build4529_src\temp\engine\!debug\custom.sbr
c:\users\hp\documents\github\xashtasks\xash_build4529_src\temp\engine\!debug\crtlib.sbr
c:\users\hp\documents\github\xashtasks\xash_build4529_src\temp\engine\!debug\crclib.sbr
c:\users\hp\documents\github\xashtasks\xash_build4529_src\temp\engine\!debug\con_utils.sbr
c:\users\hp\documents\github\xashtasks\xash_build4529_src\temp\engine\!debug\console.sbr
c:\users\hp\documents\github\xashtasks\xash_build4529_src\temp\engine\!debug\common.sbr
c:\users\hp\documents\github\xashtasks\xash_build4529_src\temp\engine\!debug\cmd.sbr
c:\users\hp\documents\github\xashtasks\xash_build4529_src\temp\engine\!debug\cfgscript.sbr
c:\users\hp\documents\github\xashtasks\xash_build4529_src\temp\engine\!debug\cfgscript.obj
c:\users\hp\documents\github\xashtasks\xash_build4529_src\temp\engine\!debug\cfgscript.asm
c:\users\hp\documents\github\xashtasks\xash_build4529_src\temp\engine\!debug\cmd.obj
c:\users\hp\documents\github\xashtasks\xash_build4529_src\temp\engine\!debug\cmd.asm
c:\users\hp\documents\github\xashtasks\xash_build4529_src\temp\engine\!debug\common.obj
c:\users\hp\documents\github\xashtasks\xash_build4529_src\temp\engine\!debug\common.asm
c:\users\hp\documents\github\xashtasks\xash_build4529_src\temp\engine\!debug\console.obj
c:\users\hp\documents\github\xashtasks\xash_build4529_src\temp\engine\!debug\console.asm
c:\users\hp\documents\github\xashtasks\xash_build4529_src\temp\engine\!debug\con_utils.obj
c:\users\hp\documents\github\xashtasks\xash_build4529_src\temp\engine\!debug\con_utils.asm
c:\users\hp\documents\github\xashtasks\xash_build4529_src\temp\engine\!debug\crclib.obj
c:\users\hp\documents\github\xashtasks\xash_build4529_src\temp\engine\!debug\crclib.asm
c:\users\hp\documents\github\xashtasks\xash_build4529_src\temp\engine\!debug\crtlib.obj
c:\users\hp\documents\github\xashtasks\xash_build4529_src\temp\engine\!debug\crtlib.asm
c:\users\hp\documents\github\xashtasks\xash_build4529_src\temp\engine\!debug\custom.obj
c:\users\hp\documents\github\xashtasks\xash_build4529_src\temp\engine\!debug\custom.asm
c:\users\hp\documents\github\xashtasks\xash_build4529_src\temp\engine\!debug\cvar.obj
c:\users\hp\documents\github\xashtasks\xash_build4529_src\temp\engine\!debug\cvar.asm
c:\users\hp\documents\github\xashtasks\xash_build4529_src\temp\engine\!debug\filesystem.obj
c:\users\hp\documents\github\xashtasks\xash_build4529_src\temp\engine\!debug\filesystem.asm
c:\users\hp\documents\github\xashtasks\xash_build4529_src\temp\engine\!debug\gamma.obj
c:\users\hp\documents\github\xashtasks\xash_build4529_src\temp\engine\!debug\gamma.asm
c:\users\hp\documents\github\xashtasks\xash_build4529_src\temp\engine\!debug\host.obj
c:\users\hp\documents\github\xashtasks\xash_build4529_src\temp\engine\!debug\host.asm
c:\users\hp\documents\github\xashtasks\xash_build4529_src\temp\engine\!debug\host_state.obj
c:\users\hp\documents\github\xashtasks\xash_build4529_src\temp\engine\!debug\host_state.asm
c:\users\hp\documents\github\xashtasks\xash_build4529_src\temp\engine\!debug\hpak.obj
c:\users\hp\documents\github\xashtasks\xash_build4529_src\temp\engine\!debug\hpak.asm
c:\users\hp\documents\github\xashtasks\xash_build4529_src\temp\engine\!debug\img_bmp.obj
c:\users\hp\documents\github\xashtasks\xash_build4529_src\temp\engine\!debug\img_bmp.asm
c:\users\hp\documents\github\xashtasks\xash_build4529_src\temp\engine\!debug\img_dds.obj
c:\users\hp\documents\github\xashtasks\xash_build4529_src\temp\engine\!debug\img_dds.asm
c:\users\hp\documents\github\xashtasks\xash_build4529_src\temp\engine\!debug\img_main.obj
c:\users\hp\documents\github\xashtasks\xash_build4529_src\temp\engine\!debug\img_main.asm
c:\users\hp\documents\github\xashtasks\xash_build4529_src\temp\engine\!debug\img_quant.obj
c:\users\hp\documents\github\xashtasks\xash_build4529_src\temp\engine\!debug\img_quant.asm
c:\users\hp\documents\github\xashtasks\xash_build4529_src\temp\engine\!debug\img_tga.obj
c:\users\hp\documents\github\xashtasks\xash_build4529_src\temp\engine\!debug\img_tga.asm
c:\users\hp\documents\github\xashtasks\xash_build4529_src\temp\engine\!debug\img_utils.obj
c:\users\hp\documents\github\xashtasks\xash_build4529_src\temp\engine\!debug\img_utils.asm
c:\users\hp\documents\github\xashtasks\xash_build4529_src\temp\engine\!debug\build.sbr
c:\users\hp\documents\github\xashtasks\xash_build4529_src\temp\engine\!debug\avikit.sbr
c:\users\hp\documents\github\xashtasks\xash_build4529_src\temp\engine\!debug\vgui_draw.sbr
c:\users\hp\documents\github\xashtasks\xash_build4529_src\temp\engine\!debug\s_vox.sbr
c:\users\hp\documents\github\xashtasks\xash_build4529_src\temp\engine\!debug\s_utils.sbr
c:\users\hp\documents\github\xashtasks\xash_build4529_src\temp\engine\!debug\s_stream.sbr
c:\users\hp\documents\github\xashtasks\xash_build4529_src\temp\engine\!debug\s_mouth.sbr
c:\users\hp\documents\github\xashtasks\xash_build4529_src\temp\engine\!debug\s_mix.sbr
c:\users\hp\documents\github\xashtasks\xash_build4529_src\temp\engine\!debug\s_main.sbr
c:\users\hp\documents\github\xashtasks\xash_build4529_src\temp\engine\!debug\s_load.sbr
c:\users\hp\documents\github\xashtasks\xash_build4529_src\temp\engine\!debug\s_dsp.sbr
c:\users\hp\documents\github\xashtasks\xash_build4529_src\temp\engine\!debug\s_backend.sbr
c:\users\hp\documents\github\xashtasks\xash_build4529_src\temp\engine\!debug\gl_warp.sbr
c:\users\hp\documents\github\xashtasks\xash_build4529_src\temp\engine\!debug\gl_vidnt.sbr
c:\users\hp\documents\github\xashtasks\xash_build4529_src\temp\engine\!debug\gl_studio.sbr
c:\users\hp\documents\github\xashtasks\xash_build4529_src\temp\engine\!debug\gl_sprite.sbr
c:\users\hp\documents\github\xashtasks\xash_build4529_src\temp\engine\!debug\gl_rsurf.sbr
c:\users\hp\documents\github\xashtasks\xash_build4529_src\temp\engine\!debug\gl_rpart.sbr
c:\users\hp\documents\github\xashtasks\xash_build4529_src\temp\engine\!debug\gl_rmisc.sbr
c:\users\hp\documents\github\xashtasks\xash_build4529_src\temp\engine\!debug\gl_rmath.sbr
c:\users\hp\documents\github\xashtasks\xash_build4529_src\temp\engine\!debug\gl_rmath.obj
c:\users\hp\documents\github\xashtasks\xash_build4529_src\temp\engine\!debug\gl_rmath.asm
c:\users\hp\documents\github\xashtasks\xash_build4529_src\temp\engine\!debug\gl_rmisc.obj
c:\users\hp\documents\github\xashtasks\xash_build4529_src\temp\engine\!debug\gl_rmisc.asm
c:\users\hp\documents\github\xashtasks\xash_build4529_src\temp\engine\!debug\gl_rpart.obj
c:\users\hp\documents\github\xashtasks\xash_build4529_src\temp\engine\!debug\gl_rpart.asm
c:\users\hp\documents\github\xashtasks\xash_build4529_src\temp\engine\!debug\gl_rsurf.obj
c:\users\hp\documents\github\xashtasks\xash_build4529_src\temp\engine\!debug\gl_rsurf.asm
c:\users\hp\documents\github\xashtasks\xash_build4529_src\temp\engine\!debug\gl_sprite.obj
c:\users\hp\documents\github\xashtasks\xash_build4529_src\temp\engine\!debug\gl_sprite.asm
c:\users\hp\documents\github\xashtasks\xash_build4529_src\temp\engine\!debug\gl_studio.obj
c:\users\hp\documents\github\xashtasks\xash_build4529_src\temp\engine\!debug\gl_studio.asm
c:\users\hp\documents\github\xashtasks\xash_build4529_src\temp\engine\!debug\gl_vidnt.obj
c:\users\hp\documents\github\xashtasks\xash_build4529_src\temp\engine\!debug\gl_vidnt.asm
c:\users\hp\documents\github\xashtasks\xash_build4529_src\temp\engine\!debug\gl_warp.obj
c:\users\hp\documents\github\xashtasks\xash_build4529_src\temp\engine\!debug\gl_warp.asm
c:\users\hp\documents\github\xashtasks\xash_build4529_src\temp\engine\!debug\s_backend.obj
c:\users\hp\documents\github\xashtasks\xash_build4529_src\temp\engine\!debug\s_backend.asm
c:\users\hp\documents\github\xashtasks\xash_build4529_src\temp\engine\!debug\s_dsp.obj
c:\users\hp\documents\github\xashtasks\xash_build4529_src\temp\engine\!debug\s_dsp.asm
c:\users\hp\documents\github\xashtasks\xash_build4529_src\temp\engine\!debug\s_load.obj
c:\users\hp\documents\github\xashtasks\xash_build4529_src\temp\engine\!debug\s_load.asm
c:\users\hp\documents\github\xashtasks\xash_build4529_src\temp\engine\!debug\s_main.obj
c:\users\hp\documents\github\xashtasks\xash_build4529_src\temp\engine\!debug\s_main.asm
c:\users\hp\documents\github\xashtasks\xash_build4529_src\temp\engine\!debug\s_mix.obj
c:\users\hp\documents\github\xashtasks\xash_build4529_src\temp\engine\!debug\s_mix.asm
c:\users\hp\documents\github\xashtasks\xash_build4529_src\temp\engine\!debug\s_mouth.obj
c:\users\hp\documents\github\xashtasks\xash_build4529_src\temp\engine\!debug\s_mouth.asm
c:\users\hp\documents\github\xashtasks\xash_build4529_src\temp\engine\!debug\s_stream.obj
c:\users\hp\documents\github\xashtasks\xash_build4529_src\temp\engine\!debug\s_stream.asm
c:\users\hp\documents\github\xashtasks\xash_build4529_src\temp\engine\!debug\s_utils.obj
c:\users\hp\documents\github\xashtasks\xash_build4529_src\temp\engine\!debug\s_utils.asm
c:\users\hp\documents\github\xashtasks\xash_build4529_src\temp\engine\!debug\s_vox.obj
c:\users\hp\documents\github\xashtasks\xash_build4529_src\temp\engine\!debug\s_vox.asm
c:\users\hp\documents\github\xashtasks\xash_build4529_src\temp\engine\!debug\vgui_draw.obj
c:\users\hp\documents\github\xashtasks\xash_build4529_src\temp\engine\!debug\vgui_draw.asm
c:\users\hp\documents\github\xashtasks\xash_build4529_src\temp\engine\!debug\avikit.obj
c:\users\hp\documents\github\xashtasks\xash_build4529_src\temp\engine\!debug\avikit.asm
c:\users\hp\documents\github\xashtasks\xash_build4529_src\temp\engine\!debug\build.obj
c:\users\hp\documents\github\xashtasks\xash_build4529_src\temp\engine\!debug\build.asm
c:\users\hp\documents\github\xashtasks\xash_build4529_src\temp\engine\!debug\gl_rmain.sbr
c:\users\hp\documents\github\xashtasks\xash_build4529_src\temp\engine\!debug\gl_rlight.sbr
c:\users\hp\documents\github\xashtasks\xash_build4529_src\temp\engine\!debug\gl_refrag.sbr
c:\users\hp\documents\github\xashtasks\xash_build4529_src\temp\engine\!debug\gl_image.sbr
c:\users\hp\documents\github\xashtasks\xash_build4529_src\temp\engine\!debug\gl_frustum.sbr
c:\users\hp\documents\github\xashtasks\xash_build4529_src\temp\engine\!debug\gl_draw.sbr
c:\users\hp\documents\github\xashtasks\xash_build4529_src\temp\engine\!debug\gl_decals.sbr
c:\users\hp\documents\github\xashtasks\xash_build4529_src\temp\engine\!debug\gl_cull.sbr
c:\users\hp\documents\github\xashtasks\xash_build4529_src\temp\engine\!debug\gl_beams.sbr
c:\users\hp\documents\github\xashtasks\xash_build4529_src\temp\engine\!debug\gl_backend.sbr
c:\users\hp\documents\github\xashtasks\xash_build4529_src\temp\engine\!debug\gl_alias.sbr
c:\users\hp\documents\github\xashtasks\xash_build4529_src\temp\engine\!debug\cl_view.sbr
c:\users\hp\documents\github\xashtasks\xash_build4529_src\temp\engine\!debug\cl_video.sbr
c:\users\hp\documents\github\xashtasks\xash_build4529_src\temp\engine\!debug\cl_tent.sbr
c:\users\hp\documents\github\xashtasks\xash_build4529_src\temp\engine\!debug\cl_scrn.sbr
c:\users\hp\documents\github\xashtasks\xash_build4529_src\temp\engine\!debug\cl_remap.sbr
c:\users\hp\documents\github\xashtasks\xash_build4529_src\temp\engine\!debug\cl_qparse.sbr
c:\users\hp\documents\github\xashtasks\xash_build4529_src\temp\engine\!debug\cl_pmove.sbr
c:\users\hp\documents\github\xashtasks\xash_build4529_src\temp\engine\!debug\cl_parse.sbr
c:\users\hp\documents\github\xashtasks\xash_build4529_src\temp\engine\!debug\cl_netgraph.sbr
c:\users\hp\documents\github\xashtasks\xash_build4529_src\temp\engine\!debug\cl_netgraph.obj
c:\users\hp\documents\github\xashtasks\xash_build4529_src\temp\engine\!debug\cl_netgraph.asm
c:\users\hp\documents\github\xashtasks\xash_build4529_src\temp\engine\!debug\cl_parse.obj
c:\users\hp\documents\github\xashtasks\xash_build4529_src\temp\engine\!debug\cl_parse.asm
c:\users\hp\documents\github\xashtasks\xash_build4529_src\temp\engine\!debug\cl_pmove.obj
c:\users\hp\documents\github\xashtasks\xash_build4529_src\temp\engine\!debug\cl_pmove.asm
c:\users\hp\documents\github\xashtasks\xash_build4529_src\temp\engine\!debug\cl_qparse.obj
c:\users\hp\documents\github\xashtasks\xash_build4529_src\temp\engine\!debug\cl_qparse.asm
c:\users\hp\documents\github\xashtasks\xash_build4529_src\temp\engine\!debug\cl_remap.obj
c:\users\hp\documents\github\xashtasks\xash_build4529_src\temp\engine\!debug\cl_remap.asm
c:\users\hp\documents\github\xashtasks\xash_build4529_src\temp\engine\!debug\cl_scrn.obj
c:\users\hp\documents\github\xashtasks\xash_build4529_src\temp\engine\!debug\cl_scrn.asm
c:\users\hp\documents\github\xashtasks\xash_build4529_src\temp\engine\!debug\cl_tent.obj
c:\users\hp\documents\github\xashtasks\xash_build4529_src\temp\engine\!debug\cl_tent.asm
c:\users\hp\documents\github\xashtasks\xash_build4529_src\temp\engine\!debug\cl_video.obj
c:\users\hp\documents\github\xashtasks\xash_build4529_src\temp\engine\!debug\cl_video.asm
c:\users\hp\documents\github\xashtasks\xash_build4529_src\temp\engine\!debug\cl_view.obj
c:\users\hp\documents\github\xashtasks\xash_build4529_src\temp\engine\!debug\cl_view.asm
c:\users\hp\documents\github\xashtasks\xash_build4529_src\temp\engine\!debug\gl_alias.obj
c:\users\hp\documents\github\xashtasks\xash_build4529_src\temp\engine\!debug\gl_alias.asm
c:\users\hp\documents\github\xashtasks\xash_build4529_src\temp\engine\!debug\gl_backend.obj
c:\users\hp\documents\github\xashtasks\xash_build4529_src\temp\engine\!debug\gl_backend.asm
c:\users\hp\documents\github\xashtasks\xash_build4529_src\temp\engine\!debug\gl_beams.obj
c:\users\hp\documents\github\xashtasks\xash_build4529_src\temp\engine\!debug\gl_beams.asm
c:\users\hp\documents\github\xashtasks\xash_build4529_src\temp\engine\!debug\gl_cull.obj
c:\users\hp\documents\github\xashtasks\xash_build4529_src\temp\engine\!debug\gl_cull.asm
c:\users\hp\documents\github\xashtasks\xash_build4529_src\temp\engine\!debug\gl_decals.obj
c:\users\hp\documents\github\xashtasks\xash_build4529_src\temp\engine\!debug\gl_decals.asm
c:\users\hp\documents\github\xashtasks\xash_build4529_src\temp\engine\!debug\gl_draw.obj
c:\users\hp\documents\github\xashtasks\xash_build4529_src\temp\engine\!debug\gl_draw.asm
c:\users\hp\documents\github\xashtasks\xash_build4529_src\temp\engine\!debug\gl_frustum.obj
c:\users\hp\documents\github\xashtasks\xash_build4529_src\temp\engine\!debug\gl_frustum.asm
c:\users\hp\documents\github\xashtasks\xash_build4529_src\temp\engine\!debug\gl_image.obj
c:\users\hp\documents\github\xashtasks\xash_build4529_src\temp\engine\!debug\gl_image.asm
c:\users\hp\documents\github\xashtasks\xash_build4529_src\temp\engine\!debug\gl_refrag.obj
c:\users\hp\documents\github\xashtasks\xash_build4529_src\temp\engine\!debug\gl_refrag.asm
c:\users\hp\documents\github\xashtasks\xash_build4529_src\temp\engine\!debug\gl_rlight.obj
c:\users\hp\documents\github\xashtasks\xash_build4529_src\temp\engine\!debug\gl_rlight.asm
c:\users\hp\documents\github\xashtasks\xash_build4529_src\temp\engine\!debug\gl_rmain.obj
c:\users\hp\documents\github\xashtasks\xash_build4529_src\temp\engine\!debug\gl_rmain.asm
c:\users\hp\documents\github\xashtasks\xash_build4529_src\temp\engine\!debug\cl_main.sbr
c:\users\hp\documents\github\xashtasks\xash_build4529_src\temp\engine\!debug\cl_gameui.sbr
c:\users\hp\documents\github\xashtasks\xash_build4529_src\temp\engine\!debug\cl_game.sbr
c:\users\hp\documents\github\xashtasks\xash_build4529_src\temp\engine\!debug\cl_frame.sbr
c:\users\hp\documents\github\xashtasks\xash_build4529_src\temp\engine\!debug\cl_events.sbr
c:\users\hp\documents\github\xashtasks\xash_build4529_src\temp\engine\!debug\cl_demo.sbr
c:\users\hp\documents\github\xashtasks\xash_build4529_src\temp\engine\!debug\cl_debug.sbr
c:\users\hp\documents\github\xashtasks\xash_build4529_src\temp\engine\!debug\cl_custom.sbr
c:\users\hp\documents\github\xashtasks\xash_build4529_src\temp\engine\!debug\cl_cmds.sbr
c:\users\hp\documents\github\xashtasks\xash_build4529_src\temp\engine\!debug\cl_cmds.obj
c:\users\hp\documents\github\xashtasks\xash_build4529_src\temp\engine\!debug\cl_cmds.asm
c:\users\hp\documents\github\xashtasks\xash_build4529_src\temp\engine\!debug\cl_custom.obj
c:\users\hp\documents\github\xashtasks\xash_build4529_src\temp\engine\!debug\cl_custom.asm
c:\users\hp\documents\github\xashtasks\xash_build4529_src\temp\engine\!debug\cl_debug.obj
c:\users\hp\documents\github\xashtasks\xash_build4529_src\temp\engine\!debug\cl_debug.asm
c:\users\hp\documents\github\xashtasks\xash_build4529_src\temp\engine\!debug\cl_demo.obj
c:\users\hp\documents\github\xashtasks\xash_build4529_src\temp\engine\!debug\cl_demo.asm
c:\users\hp\documents\github\xashtasks\xash_build4529_src\temp\engine\!debug\cl_events.obj
c:\users\hp\documents\github\xashtasks\xash_build4529_src\temp\engine\!debug\cl_events.asm
c:\users\hp\documents\github\xashtasks\xash_build4529_src\temp\engine\!debug\cl_frame.obj
c:\users\hp\documents\github\xashtasks\xash_build4529_src\temp\engine\!debug\cl_frame.asm
c:\users\hp\documents\github\xashtasks\xash_build4529_src\temp\engine\!debug\cl_game.obj
c:\users\hp\documents\github\xashtasks\xash_build4529_src\temp\engine\!debug\cl_game.asm
c:\users\hp\documents\github\xashtasks\xash_build4529_src\temp\engine\!debug\cl_gameui.obj
c:\users\hp\documents\github\xashtasks\xash_build4529_src\temp\engine\!debug\cl_gameui.asm
c:\users\hp\documents\github\xashtasks\xash_build4529_src\temp\engine\!debug\cl_main.obj
c:\users\hp\documents\github\xashtasks\xash_build4529_src\temp\engine\!debug\cl_main.asm
c:\users\hp\documents\github\xashtasks\xash_build4529_src\temp\engine\!debug\vgui_surf.sbr
c:\users\hp\documents\github\xashtasks\xash_build4529_src\temp\engine\!debug\vgui_int.sbr
c:\users\hp\documents\github\xashtasks\xash_build4529_src\temp\engine\!debug\vgui_input.sbr
c:\users\hp\documents\github\xashtasks\xash_build4529_src\temp\engine\!debug\vgui_clip.sbr
c:\users\hp\documents\github\xashtasks\xash_build4529_src\temp\engine\!debug\vgui_clip.obj
c:\users\hp\documents\github\xashtasks\xash_build4529_src\temp\engine\!debug\vgui_clip.asm
c:\users\hp\documents\github\xashtasks\xash_build4529_src\temp\engine\!debug\vgui_input.obj
c:\users\hp\documents\github\xashtasks\xash_build4529_src\temp\engine\!debug\vgui_input.asm
c:\users\hp\documents\github\xashtasks\xash_build4529_src\temp\engine\!debug\vgui_int.obj
c:\users\hp\documents\github\xashtasks\xash_build4529_src\temp\engine\!debug\vgui_int.asm
c:\users\hp\documents\github\xashtasks\xash_build4529_src\temp\engine\!debug\vgui_surf.obj
c:\users\hp\documents\github\xashtasks\xash_build4529_src\temp\engine\!debug\vgui_surf.asm
c:\users\hp\documents\github\xashtasks\xash3d\xash.dll
c:\users\hp\documents\github\xashtasks\paranoia2\xash.dll
c:\users\hp\documents\github\xashtasks\quake\xash.dll
c:\users\hp\documents\github\xashtasks\xash_build4529_src\temp\engine\!debug\xash.lib
c:\users\hp\documents\github\xashtasks\xash_build4529_src\temp\engine\!debug\xash.exp
c:\users\hp\documents\github\xashtasks\xash_build4529_src\temp\engine\!debug\engine.ilk
c:\users\hp\documents\github\xashtasks\xash_build4529_src\temp\engine\!debug\xash.dll
c:\users\hp\documents\github\xashtasks\xash_build4529_src\temp\engine\!debug\engine.pdb
c:\users\hp\documents\github\xashtasks\xash_build4529_src\temp\engine\!debug\engine.tlog\bscmake.command.1.tlog
c:\users\hp\documents\github\xashtasks\xash_build4529_src\temp\engine\!debug\engine.tlog\bscmake.read.1.tlog
c:\users\hp\documents\github\xashtasks\xash_build4529_src\temp\engine\!debug\engine.tlog\bscmake.write.1.tlog
c:\users\hp\documents\github\xashtasks\xash_build4529_src\temp\engine\!debug\engine.tlog\cl.command.1.tlog
c:\users\hp\documents\github\xashtasks\xash_build4529_src\temp\engine\!debug\engine.tlog\cl.read.1.tlog
c:\users\hp\documents\github\xashtasks\xash_build4529_src\temp\engine\!debug\engine.tlog\cl.write.1.tlog
c:\users\hp\documents\github\xashtasks\xash_build4529_src\temp\engine\!debug\engine.tlog\custombuildstep.read.1u.tlog
c:\users\hp\documents\github\xashtasks\xash_build4529_src\temp\engine\!debug\engine.tlog\custombuildstep.write.1u.tlog
c:\users\hp\documents\github\xashtasks\xash_build4529_src\temp\engine\!debug\engine.tlog\engine.write.1u.tlog
c:\users\hp\documents\github\xashtasks\xash_build4529_src\temp\engine\!debug\engine.tlog\link.command.1.tlog
c:\users\hp\documents\github\xashtasks\xash_build4529_src\temp\engine\!debug\engine.tlog\link.read.1.tlog
c:\users\hp\documents\github\xashtasks\xash_build4529_src\temp\engine\!debug\engine.tlog\link.write.1.tlog
