c:\users\user\downloads\xashxt_v0.81_rev.1_with_sources\xashxt_v0.81_rev.1_src\temp\client\!debug\vc141.pdb
c:\users\user\downloads\xashxt_v0.81_rev.1_with_sources\xashxt_v0.81_rev.1_src\temp\client\!debug\vc141.idb
c:\users\user\downloads\xashxt_v0.81_rev.1_with_sources\xashxt_v0.81_rev.1_src\temp\client\!debug\utils.sbr
c:\users\user\downloads\xashxt_v0.81_rev.1_with_sources\xashxt_v0.81_rev.1_src\temp\client\!debug\train.sbr
c:\users\user\downloads\xashxt_v0.81_rev.1_with_sources\xashxt_v0.81_rev.1_src\temp\client\!debug\text_message.sbr
c:\users\user\downloads\xashxt_v0.81_rev.1_with_sources\xashxt_v0.81_rev.1_src\temp\client\!debug\status_icons.sbr
c:\users\user\downloads\xashxt_v0.81_rev.1_with_sources\xashxt_v0.81_rev.1_src\temp\client\!debug\statusbar.sbr
c:\users\user\downloads\xashxt_v0.81_rev.1_with_sources\xashxt_v0.81_rev.1_src\temp\client\!debug\scoreboard.sbr
c:\users\user\downloads\xashxt_v0.81_rev.1_with_sources\xashxt_v0.81_rev.1_src\temp\client\!debug\saytext.sbr
c:\users\user\downloads\xashxt_v0.81_rev.1_with_sources\xashxt_v0.81_rev.1_src\temp\client\!debug\tri.sbr
c:\users\user\downloads\xashxt_v0.81_rev.1_with_sources\xashxt_v0.81_rev.1_src\temp\client\!debug\r_world.sbr
c:\users\user\downloads\xashxt_v0.81_rev.1_with_sources\xashxt_v0.81_rev.1_src\temp\client\!debug\r_weather.sbr
c:\users\user\downloads\xashxt_v0.81_rev.1_with_sources\xashxt_v0.81_rev.1_src\temp\client\!debug\r_warp.sbr
c:\users\user\downloads\xashxt_v0.81_rev.1_with_sources\xashxt_v0.81_rev.1_src\temp\client\!debug\r_view.sbr
c:\users\user\downloads\xashxt_v0.81_rev.1_with_sources\xashxt_v0.81_rev.1_src\temp\client\!debug\r_tempents.sbr
c:\users\user\downloads\xashxt_v0.81_rev.1_with_sources\xashxt_v0.81_rev.1_src\temp\client\!debug\r_surf.sbr
c:\users\user\downloads\xashxt_v0.81_rev.1_with_sources\xashxt_v0.81_rev.1_src\temp\client\!debug\r_subview.sbr
c:\users\user\downloads\xashxt_v0.81_rev.1_with_sources\xashxt_v0.81_rev.1_src\temp\client\!debug\r_studiodecal.sbr
c:\users\user\downloads\xashxt_v0.81_rev.1_with_sources\xashxt_v0.81_rev.1_src\temp\client\!debug\r_studio.sbr
c:\users\user\downloads\xashxt_v0.81_rev.1_with_sources\xashxt_v0.81_rev.1_src\temp\client\!debug\r_sprite.sbr
c:\users\user\downloads\xashxt_v0.81_rev.1_with_sources\xashxt_v0.81_rev.1_src\temp\client\!debug\r_shadows.sbr
c:\users\user\downloads\xashxt_v0.81_rev.1_with_sources\xashxt_v0.81_rev.1_src\temp\client\!debug\r_shader.sbr
c:\users\user\downloads\xashxt_v0.81_rev.1_with_sources\xashxt_v0.81_rev.1_src\temp\client\!debug\r_postprocess.sbr
c:\users\user\downloads\xashxt_v0.81_rev.1_with_sources\xashxt_v0.81_rev.1_src\temp\client\!debug\r_particle.sbr
c:\users\user\downloads\xashxt_v0.81_rev.1_with_sources\xashxt_v0.81_rev.1_src\temp\client\!debug\r_opengl.sbr
c:\users\user\downloads\xashxt_v0.81_rev.1_with_sources\xashxt_v0.81_rev.1_src\temp\client\!debug\r_movie.sbr
c:\users\user\downloads\xashxt_v0.81_rev.1_with_sources\xashxt_v0.81_rev.1_src\temp\client\!debug\r_misc.sbr
c:\users\user\downloads\xashxt_v0.81_rev.1_with_sources\xashxt_v0.81_rev.1_src\temp\client\!debug\r_main.sbr
c:\users\user\downloads\xashxt_v0.81_rev.1_with_sources\xashxt_v0.81_rev.1_src\temp\client\!debug\r_lightmap.sbr
c:\users\user\downloads\xashxt_v0.81_rev.1_with_sources\xashxt_v0.81_rev.1_src\temp\client\!debug\r_light.sbr
c:\users\user\downloads\xashxt_v0.81_rev.1_with_sources\xashxt_v0.81_rev.1_src\temp\client\!debug\r_grass.sbr
c:\users\user\downloads\xashxt_v0.81_rev.1_with_sources\xashxt_v0.81_rev.1_src\temp\client\!debug\r_frustum.sbr
c:\users\user\downloads\xashxt_v0.81_rev.1_with_sources\xashxt_v0.81_rev.1_src\temp\client\!debug\r_debug.sbr
c:\users\user\downloads\xashxt_v0.81_rev.1_with_sources\xashxt_v0.81_rev.1_src\temp\client\!debug\r_cull.sbr
c:\users\user\downloads\xashxt_v0.81_rev.1_with_sources\xashxt_v0.81_rev.1_src\temp\client\!debug\r_brushdecals.sbr
c:\users\user\downloads\xashxt_v0.81_rev.1_with_sources\xashxt_v0.81_rev.1_src\temp\client\!debug\r_backend.sbr
c:\users\user\downloads\xashxt_v0.81_rev.1_with_sources\xashxt_v0.81_rev.1_src\temp\client\!debug\parsemsg.sbr
c:\users\user\downloads\xashxt_v0.81_rev.1_with_sources\xashxt_v0.81_rev.1_src\temp\client\!debug\motd.sbr
c:\users\user\downloads\xashxt_v0.81_rev.1_with_sources\xashxt_v0.81_rev.1_src\temp\client\!debug\message.sbr
c:\users\user\downloads\xashxt_v0.81_rev.1_with_sources\xashxt_v0.81_rev.1_src\temp\client\!debug\menu.sbr
c:\users\user\downloads\xashxt_v0.81_rev.1_with_sources\xashxt_v0.81_rev.1_src\temp\client\!debug\inputw32.sbr
c:\users\user\downloads\xashxt_v0.81_rev.1_with_sources\xashxt_v0.81_rev.1_src\temp\client\!debug\input.sbr
c:\users\user\downloads\xashxt_v0.81_rev.1_with_sources\xashxt_v0.81_rev.1_src\temp\client\!debug\hud_update.sbr
c:\users\user\downloads\xashxt_v0.81_rev.1_with_sources\xashxt_v0.81_rev.1_src\temp\client\!debug\hud_redraw.sbr
c:\users\user\downloads\xashxt_v0.81_rev.1_with_sources\xashxt_v0.81_rev.1_src\temp\client\!debug\hud_msg.sbr
c:\users\user\downloads\xashxt_v0.81_rev.1_with_sources\xashxt_v0.81_rev.1_src\temp\client\!debug\hud.sbr
c:\users\user\downloads\xashxt_v0.81_rev.1_with_sources\xashxt_v0.81_rev.1_src\temp\client\!debug\health.sbr
c:\users\user\downloads\xashxt_v0.81_rev.1_with_sources\xashxt_v0.81_rev.1_src\temp\client\!debug\geiger.sbr
c:\users\user\downloads\xashxt_v0.81_rev.1_with_sources\xashxt_v0.81_rev.1_src\temp\client\!debug\flashlight.sbr
c:\users\user\downloads\xashxt_v0.81_rev.1_with_sources\xashxt_v0.81_rev.1_src\temp\client\!debug\death.sbr
c:\users\user\downloads\xashxt_v0.81_rev.1_with_sources\xashxt_v0.81_rev.1_src\temp\client\!debug\cdll_int.sbr
c:\users\user\downloads\xashxt_v0.81_rev.1_with_sources\xashxt_v0.81_rev.1_src\temp\client\!debug\battery.sbr
c:\users\user\downloads\xashxt_v0.81_rev.1_with_sources\xashxt_v0.81_rev.1_src\temp\client\!debug\ammo_secondary.sbr
c:\users\user\downloads\xashxt_v0.81_rev.1_with_sources\xashxt_v0.81_rev.1_src\temp\client\!debug\ammohistory.sbr
c:\users\user\downloads\xashxt_v0.81_rev.1_with_sources\xashxt_v0.81_rev.1_src\temp\client\!debug\ammo.sbr
c:\users\user\downloads\xashxt_v0.81_rev.1_with_sources\xashxt_v0.81_rev.1_src\temp\client\!debug\stringlib.sbr
c:\users\user\downloads\xashxt_v0.81_rev.1_with_sources\xashxt_v0.81_rev.1_src\temp\client\!debug\procbones.sbr
c:\users\user\downloads\xashxt_v0.81_rev.1_with_sources\xashxt_v0.81_rev.1_src\temp\client\!debug\playermove.sbr
c:\users\user\downloads\xashxt_v0.81_rev.1_with_sources\xashxt_v0.81_rev.1_src\temp\client\!debug\matrix.sbr
c:\users\user\downloads\xashxt_v0.81_rev.1_with_sources\xashxt_v0.81_rev.1_src\temp\client\!debug\mathlib.sbr
c:\users\user\downloads\xashxt_v0.81_rev.1_with_sources\xashxt_v0.81_rev.1_src\temp\client\!debug\jigglebones.sbr
c:\users\user\downloads\xashxt_v0.81_rev.1_with_sources\xashxt_v0.81_rev.1_src\temp\client\!debug\ikcontext.sbr
c:\users\user\downloads\xashxt_v0.81_rev.1_with_sources\xashxt_v0.81_rev.1_src\temp\client\!debug\ikcontext.obj
c:\users\user\downloads\xashxt_v0.81_rev.1_with_sources\xashxt_v0.81_rev.1_src\temp\client\!debug\ikcontext.asm
c:\users\user\downloads\xashxt_v0.81_rev.1_with_sources\xashxt_v0.81_rev.1_src\temp\client\!debug\jigglebones.obj
c:\users\user\downloads\xashxt_v0.81_rev.1_with_sources\xashxt_v0.81_rev.1_src\temp\client\!debug\jigglebones.asm
c:\users\user\downloads\xashxt_v0.81_rev.1_with_sources\xashxt_v0.81_rev.1_src\temp\client\!debug\matrix.obj
c:\users\user\downloads\xashxt_v0.81_rev.1_with_sources\xashxt_v0.81_rev.1_src\temp\client\!debug\matrix.asm
c:\users\user\downloads\xashxt_v0.81_rev.1_with_sources\xashxt_v0.81_rev.1_src\temp\client\!debug\playermove.obj
c:\users\user\downloads\xashxt_v0.81_rev.1_with_sources\xashxt_v0.81_rev.1_src\temp\client\!debug\playermove.asm
c:\users\user\downloads\xashxt_v0.81_rev.1_with_sources\xashxt_v0.81_rev.1_src\temp\client\!debug\procbones.obj
c:\users\user\downloads\xashxt_v0.81_rev.1_with_sources\xashxt_v0.81_rev.1_src\temp\client\!debug\procbones.asm
c:\users\user\downloads\xashxt_v0.81_rev.1_with_sources\xashxt_v0.81_rev.1_src\temp\client\!debug\stringlib.obj
c:\users\user\downloads\xashxt_v0.81_rev.1_with_sources\xashxt_v0.81_rev.1_src\temp\client\!debug\stringlib.asm
c:\users\user\downloads\xashxt_v0.81_rev.1_with_sources\xashxt_v0.81_rev.1_src\temp\client\!debug\common.sbr
c:\users\user\downloads\xashxt_v0.81_rev.1_with_sources\xashxt_v0.81_rev.1_src\temp\client\!debug\bone_setup.sbr
c:\users\user\downloads\xashxt_v0.81_rev.1_with_sources\xashxt_v0.81_rev.1_src\temp\client\!debug\common.obj
c:\users\user\downloads\xashxt_v0.81_rev.1_with_sources\xashxt_v0.81_rev.1_src\temp\client\!debug\common.asm
c:\users\user\documents\github\xashtasks\xashxt_v0.81_rev.1_with_sources\xashxt_v0.81_rev.1_src\temp\client\!debug\common.obj
c:\users\user\documents\github\xashtasks\xashxt_v0.81_rev.1_with_sources\xashxt_v0.81_rev.1_src\temp\client\!debug\ikcontext.obj
c:\users\user\documents\github\xashtasks\xashxt_v0.81_rev.1_with_sources\xashxt_v0.81_rev.1_src\temp\client\!debug\jigglebones.obj
c:\users\user\documents\github\xashtasks\xashxt_v0.81_rev.1_with_sources\xashxt_v0.81_rev.1_src\temp\client\!debug\matrix.obj
c:\users\user\documents\github\xashtasks\xashxt_v0.81_rev.1_with_sources\xashxt_v0.81_rev.1_src\temp\client\!debug\playermove.obj
c:\users\user\documents\github\xashtasks\xashxt_v0.81_rev.1_with_sources\xashxt_v0.81_rev.1_src\temp\client\!debug\procbones.obj
c:\users\user\documents\github\xashtasks\xashxt_v0.81_rev.1_with_sources\xashxt_v0.81_rev.1_src\temp\client\!debug\stringlib.obj
c:\users\user\documents\github\xashtasks\xashxt_v0.81_rev.1_with_sources\xashxt_v0.81_rev.1_src\temp\client\!debug\vc141.idb
c:\users\user\documents\github\xashtasks\xashxt_v0.81_rev.1_with_sources\xashxt_v0.81_rev.1_src\temp\client\!debug\vc141.pdb
c:\users\user\documents\github\xashtasks\xashxt_v0.81_rev.1_with_sources\xashxt_v0.81_rev.1_src\temp\client\!debug\ammo.sbr
c:\users\user\documents\github\xashtasks\xashxt_v0.81_rev.1_with_sources\xashxt_v0.81_rev.1_src\temp\client\!debug\ammohistory.sbr
c:\users\user\documents\github\xashtasks\xashxt_v0.81_rev.1_with_sources\xashxt_v0.81_rev.1_src\temp\client\!debug\ammo_secondary.sbr
c:\users\user\documents\github\xashtasks\xashxt_v0.81_rev.1_with_sources\xashxt_v0.81_rev.1_src\temp\client\!debug\battery.sbr
c:\users\user\documents\github\xashtasks\xashxt_v0.81_rev.1_with_sources\xashxt_v0.81_rev.1_src\temp\client\!debug\bone_setup.sbr
c:\users\user\documents\github\xashtasks\xashxt_v0.81_rev.1_with_sources\xashxt_v0.81_rev.1_src\temp\client\!debug\cdll_int.sbr
c:\users\user\documents\github\xashtasks\xashxt_v0.81_rev.1_with_sources\xashxt_v0.81_rev.1_src\temp\client\!debug\common.sbr
c:\users\user\documents\github\xashtasks\xashxt_v0.81_rev.1_with_sources\xashxt_v0.81_rev.1_src\temp\client\!debug\death.sbr
c:\users\user\documents\github\xashtasks\xashxt_v0.81_rev.1_with_sources\xashxt_v0.81_rev.1_src\temp\client\!debug\flashlight.sbr
c:\users\user\documents\github\xashtasks\xashxt_v0.81_rev.1_with_sources\xashxt_v0.81_rev.1_src\temp\client\!debug\geiger.sbr
c:\users\user\documents\github\xashtasks\xashxt_v0.81_rev.1_with_sources\xashxt_v0.81_rev.1_src\temp\client\!debug\health.sbr
c:\users\user\documents\github\xashtasks\xashxt_v0.81_rev.1_with_sources\xashxt_v0.81_rev.1_src\temp\client\!debug\hud.sbr
c:\users\user\documents\github\xashtasks\xashxt_v0.81_rev.1_with_sources\xashxt_v0.81_rev.1_src\temp\client\!debug\hud_msg.sbr
c:\users\user\documents\github\xashtasks\xashxt_v0.81_rev.1_with_sources\xashxt_v0.81_rev.1_src\temp\client\!debug\hud_redraw.sbr
c:\users\user\documents\github\xashtasks\xashxt_v0.81_rev.1_with_sources\xashxt_v0.81_rev.1_src\temp\client\!debug\hud_update.sbr
c:\users\user\documents\github\xashtasks\xashxt_v0.81_rev.1_with_sources\xashxt_v0.81_rev.1_src\temp\client\!debug\ikcontext.sbr
c:\users\user\documents\github\xashtasks\xashxt_v0.81_rev.1_with_sources\xashxt_v0.81_rev.1_src\temp\client\!debug\input.sbr
c:\users\user\documents\github\xashtasks\xashxt_v0.81_rev.1_with_sources\xashxt_v0.81_rev.1_src\temp\client\!debug\inputw32.sbr
c:\users\user\documents\github\xashtasks\xashxt_v0.81_rev.1_with_sources\xashxt_v0.81_rev.1_src\temp\client\!debug\jigglebones.sbr
c:\users\user\documents\github\xashtasks\xashxt_v0.81_rev.1_with_sources\xashxt_v0.81_rev.1_src\temp\client\!debug\mathlib.sbr
c:\users\user\documents\github\xashtasks\xashxt_v0.81_rev.1_with_sources\xashxt_v0.81_rev.1_src\temp\client\!debug\matrix.sbr
c:\users\user\documents\github\xashtasks\xashxt_v0.81_rev.1_with_sources\xashxt_v0.81_rev.1_src\temp\client\!debug\menu.sbr
c:\users\user\documents\github\xashtasks\xashxt_v0.81_rev.1_with_sources\xashxt_v0.81_rev.1_src\temp\client\!debug\message.sbr
c:\users\user\documents\github\xashtasks\xashxt_v0.81_rev.1_with_sources\xashxt_v0.81_rev.1_src\temp\client\!debug\motd.sbr
c:\users\user\documents\github\xashtasks\xashxt_v0.81_rev.1_with_sources\xashxt_v0.81_rev.1_src\temp\client\!debug\parsemsg.sbr
c:\users\user\documents\github\xashtasks\xashxt_v0.81_rev.1_with_sources\xashxt_v0.81_rev.1_src\temp\client\!debug\playermove.sbr
c:\users\user\documents\github\xashtasks\xashxt_v0.81_rev.1_with_sources\xashxt_v0.81_rev.1_src\temp\client\!debug\procbones.sbr
c:\users\user\documents\github\xashtasks\xashxt_v0.81_rev.1_with_sources\xashxt_v0.81_rev.1_src\temp\client\!debug\r_backend.sbr
c:\users\user\documents\github\xashtasks\xashxt_v0.81_rev.1_with_sources\xashxt_v0.81_rev.1_src\temp\client\!debug\r_brushdecals.sbr
c:\users\user\documents\github\xashtasks\xashxt_v0.81_rev.1_with_sources\xashxt_v0.81_rev.1_src\temp\client\!debug\r_cull.sbr
c:\users\user\documents\github\xashtasks\xashxt_v0.81_rev.1_with_sources\xashxt_v0.81_rev.1_src\temp\client\!debug\r_debug.sbr
c:\users\user\documents\github\xashtasks\xashxt_v0.81_rev.1_with_sources\xashxt_v0.81_rev.1_src\temp\client\!debug\r_frustum.sbr
c:\users\user\documents\github\xashtasks\xashxt_v0.81_rev.1_with_sources\xashxt_v0.81_rev.1_src\temp\client\!debug\r_grass.sbr
c:\users\user\documents\github\xashtasks\xashxt_v0.81_rev.1_with_sources\xashxt_v0.81_rev.1_src\temp\client\!debug\r_light.sbr
c:\users\user\documents\github\xashtasks\xashxt_v0.81_rev.1_with_sources\xashxt_v0.81_rev.1_src\temp\client\!debug\r_lightmap.sbr
c:\users\user\documents\github\xashtasks\xashxt_v0.81_rev.1_with_sources\xashxt_v0.81_rev.1_src\temp\client\!debug\r_main.sbr
c:\users\user\documents\github\xashtasks\xashxt_v0.81_rev.1_with_sources\xashxt_v0.81_rev.1_src\temp\client\!debug\r_misc.sbr
c:\users\user\documents\github\xashtasks\xashxt_v0.81_rev.1_with_sources\xashxt_v0.81_rev.1_src\temp\client\!debug\r_movie.sbr
c:\users\user\documents\github\xashtasks\xashxt_v0.81_rev.1_with_sources\xashxt_v0.81_rev.1_src\temp\client\!debug\r_opengl.sbr
c:\users\user\documents\github\xashtasks\xashxt_v0.81_rev.1_with_sources\xashxt_v0.81_rev.1_src\temp\client\!debug\r_particle.sbr
c:\users\user\documents\github\xashtasks\xashxt_v0.81_rev.1_with_sources\xashxt_v0.81_rev.1_src\temp\client\!debug\r_postprocess.sbr
c:\users\user\documents\github\xashtasks\xashxt_v0.81_rev.1_with_sources\xashxt_v0.81_rev.1_src\temp\client\!debug\r_shader.sbr
c:\users\user\documents\github\xashtasks\xashxt_v0.81_rev.1_with_sources\xashxt_v0.81_rev.1_src\temp\client\!debug\r_shadows.sbr
c:\users\user\documents\github\xashtasks\xashxt_v0.81_rev.1_with_sources\xashxt_v0.81_rev.1_src\temp\client\!debug\r_sprite.sbr
c:\users\user\documents\github\xashtasks\xashxt_v0.81_rev.1_with_sources\xashxt_v0.81_rev.1_src\temp\client\!debug\r_studio.sbr
c:\users\user\documents\github\xashtasks\xashxt_v0.81_rev.1_with_sources\xashxt_v0.81_rev.1_src\temp\client\!debug\r_studiodecal.sbr
c:\users\user\documents\github\xashtasks\xashxt_v0.81_rev.1_with_sources\xashxt_v0.81_rev.1_src\temp\client\!debug\r_subview.sbr
c:\users\user\documents\github\xashtasks\xashxt_v0.81_rev.1_with_sources\xashxt_v0.81_rev.1_src\temp\client\!debug\r_surf.sbr
c:\users\user\documents\github\xashtasks\xashxt_v0.81_rev.1_with_sources\xashxt_v0.81_rev.1_src\temp\client\!debug\r_tempents.sbr
c:\users\user\documents\github\xashtasks\xashxt_v0.81_rev.1_with_sources\xashxt_v0.81_rev.1_src\temp\client\!debug\r_view.sbr
c:\users\user\documents\github\xashtasks\xashxt_v0.81_rev.1_with_sources\xashxt_v0.81_rev.1_src\temp\client\!debug\r_warp.sbr
c:\users\user\documents\github\xashtasks\xashxt_v0.81_rev.1_with_sources\xashxt_v0.81_rev.1_src\temp\client\!debug\r_weather.sbr
c:\users\user\documents\github\xashtasks\xashxt_v0.81_rev.1_with_sources\xashxt_v0.81_rev.1_src\temp\client\!debug\r_world.sbr
c:\users\user\documents\github\xashtasks\xashxt_v0.81_rev.1_with_sources\xashxt_v0.81_rev.1_src\temp\client\!debug\saytext.sbr
c:\users\user\documents\github\xashtasks\xashxt_v0.81_rev.1_with_sources\xashxt_v0.81_rev.1_src\temp\client\!debug\scoreboard.sbr
c:\users\user\documents\github\xashtasks\xashxt_v0.81_rev.1_with_sources\xashxt_v0.81_rev.1_src\temp\client\!debug\statusbar.sbr
c:\users\user\documents\github\xashtasks\xashxt_v0.81_rev.1_with_sources\xashxt_v0.81_rev.1_src\temp\client\!debug\status_icons.sbr
c:\users\user\documents\github\xashtasks\xashxt_v0.81_rev.1_with_sources\xashxt_v0.81_rev.1_src\temp\client\!debug\stringlib.sbr
c:\users\user\documents\github\xashtasks\xashxt_v0.81_rev.1_with_sources\xashxt_v0.81_rev.1_src\temp\client\!debug\text_message.sbr
c:\users\user\documents\github\xashtasks\xashxt_v0.81_rev.1_with_sources\xashxt_v0.81_rev.1_src\temp\client\!debug\train.sbr
c:\users\user\documents\github\xashtasks\xashxt_v0.81_rev.1_with_sources\xashxt_v0.81_rev.1_src\temp\client\!debug\tri.sbr
c:\users\user\documents\github\xashtasks\xashxt_v0.81_rev.1_with_sources\xashxt_v0.81_rev.1_src\temp\client\!debug\utils.sbr
c:\users\user\documents\github\xashtasks\xashxt_v0.81_rev.1_with_sources\xashxt_v0.81_rev.1_src\temp\client\!debug\client.tlog\cl.command.1.tlog
c:\users\user\documents\github\xashtasks\xashxt_v0.81_rev.1_with_sources\xashxt_v0.81_rev.1_src\temp\client\!debug\client.tlog\cl.read.1.tlog
c:\users\user\documents\github\xashtasks\xashxt_v0.81_rev.1_with_sources\xashxt_v0.81_rev.1_src\temp\client\!debug\client.tlog\cl.write.1.tlog
