c:\users\user\documents\github\xashtasks\xash_build4529_src\temp\dlls\!debug\vc141.pdb
c:\users\user\documents\github\xashtasks\xash_build4529_src\temp\dlls\!debug\vc141.idb
c:\users\user\documents\github\xashtasks\xash_build4529_src\temp\dlls\!debug\zombie.sbr
c:\users\user\documents\github\xashtasks\xash_build4529_src\temp\dlls\!debug\xen.sbr
c:\users\user\documents\github\xashtasks\xash_build4529_src\temp\dlls\!debug\world.sbr
c:\users\user\documents\github\xashtasks\xash_build4529_src\temp\dlls\!debug\weapons.sbr
c:\users\user\documents\github\xashtasks\xash_build4529_src\temp\dlls\!debug\util.sbr
c:\users\user\documents\github\xashtasks\xash_build4529_src\temp\dlls\!debug\turret.sbr
c:\users\user\documents\github\xashtasks\xash_build4529_src\temp\dlls\!debug\tripmine.sbr
c:\users\user\documents\github\xashtasks\xash_build4529_src\temp\dlls\!debug\triggers.sbr
c:\users\user\documents\github\xashtasks\xash_build4529_src\temp\dlls\!debug\tentacle.sbr
c:\users\user\documents\github\xashtasks\xash_build4529_src\temp\dlls\!debug\tempmonster.sbr
c:\users\user\documents\github\xashtasks\xash_build4529_src\temp\dlls\!debug\teamplay_gamerules.sbr
c:\users\user\documents\github\xashtasks\xash_build4529_src\temp\dlls\!debug\talkmonster.sbr
c:\users\user\documents\github\xashtasks\xash_build4529_src\temp\dlls\!debug\subs.sbr
c:\users\user\documents\github\xashtasks\xash_build4529_src\temp\dlls\!debug\squeakgrenade.sbr
c:\users\user\documents\github\xashtasks\xash_build4529_src\temp\dlls\!debug\squadmonster.sbr
c:\users\user\documents\github\xashtasks\xash_build4529_src\temp\dlls\!debug\spectator.sbr
c:\users\user\documents\github\xashtasks\xash_build4529_src\temp\dlls\!debug\soundent.sbr
c:\users\user\documents\github\xashtasks\xash_build4529_src\temp\dlls\!debug\sound.sbr
c:\users\user\documents\github\xashtasks\xash_build4529_src\temp\dlls\!debug\skill.sbr
c:\users\user\documents\github\xashtasks\xash_build4529_src\temp\dlls\!debug\singleplay_gamerules.sbr
c:\users\user\documents\github\xashtasks\xash_build4529_src\temp\dlls\!debug\singleplay_gamerules.obj
c:\users\user\documents\github\xashtasks\xash_build4529_src\temp\dlls\!debug\skill.obj
c:\users\user\documents\github\xashtasks\xash_build4529_src\temp\dlls\!debug\sound.obj
c:\users\user\documents\github\xashtasks\xash_build4529_src\temp\dlls\!debug\soundent.obj
c:\users\user\documents\github\xashtasks\xash_build4529_src\temp\dlls\!debug\spectator.obj
c:\users\user\documents\github\xashtasks\xash_build4529_src\temp\dlls\!debug\squadmonster.obj
c:\users\user\documents\github\xashtasks\xash_build4529_src\temp\dlls\!debug\squeakgrenade.obj
c:\users\user\documents\github\xashtasks\xash_build4529_src\temp\dlls\!debug\subs.obj
c:\users\user\documents\github\xashtasks\xash_build4529_src\temp\dlls\!debug\talkmonster.obj
c:\users\user\documents\github\xashtasks\xash_build4529_src\temp\dlls\!debug\teamplay_gamerules.obj
c:\users\user\documents\github\xashtasks\xash_build4529_src\temp\dlls\!debug\tempmonster.obj
c:\users\user\documents\github\xashtasks\xash_build4529_src\temp\dlls\!debug\tentacle.obj
c:\users\user\documents\github\xashtasks\xash_build4529_src\temp\dlls\!debug\triggers.obj
c:\users\user\documents\github\xashtasks\xash_build4529_src\temp\dlls\!debug\tripmine.obj
c:\users\user\documents\github\xashtasks\xash_build4529_src\temp\dlls\!debug\turret.obj
c:\users\user\documents\github\xashtasks\xash_build4529_src\temp\dlls\!debug\util.obj
c:\users\user\documents\github\xashtasks\xash_build4529_src\temp\dlls\!debug\weapons.obj
c:\users\user\documents\github\xashtasks\xash_build4529_src\temp\dlls\!debug\world.obj
c:\users\user\documents\github\xashtasks\xash_build4529_src\temp\dlls\!debug\xen.obj
c:\users\user\documents\github\xashtasks\xash_build4529_src\temp\dlls\!debug\zombie.obj
c:\users\user\documents\github\xashtasks\xash_build4529_src\temp\dlls\!debug\shotgun.sbr
c:\users\user\documents\github\xashtasks\xash_build4529_src\temp\dlls\!debug\scripted.sbr
c:\users\user\documents\github\xashtasks\xash_build4529_src\temp\dlls\!debug\scientist.sbr
c:\users\user\documents\github\xashtasks\xash_build4529_src\temp\dlls\!debug\schedule.sbr
c:\users\user\documents\github\xashtasks\xash_build4529_src\temp\dlls\!debug\satchel.sbr
c:\users\user\documents\github\xashtasks\xash_build4529_src\temp\dlls\!debug\rpg.sbr
c:\users\user\documents\github\xashtasks\xash_build4529_src\temp\dlls\!debug\roach.sbr
c:\users\user\documents\github\xashtasks\xash_build4529_src\temp\dlls\!debug\rat.sbr
c:\users\user\documents\github\xashtasks\xash_build4529_src\temp\dlls\!debug\python.sbr
c:\users\user\documents\github\xashtasks\xash_build4529_src\temp\dlls\!debug\player.sbr
c:\users\user\documents\github\xashtasks\xash_build4529_src\temp\dlls\!debug\plats.sbr
c:\users\user\documents\github\xashtasks\xash_build4529_src\temp\dlls\!debug\plane.sbr
c:\users\user\documents\github\xashtasks\xash_build4529_src\temp\dlls\!debug\pathcorner.sbr
c:\users\user\documents\github\xashtasks\xash_build4529_src\temp\dlls\!debug\osprey.sbr
c:\users\user\documents\github\xashtasks\xash_build4529_src\temp\dlls\!debug\nodes.sbr
c:\users\user\documents\github\xashtasks\xash_build4529_src\temp\dlls\!debug\nihilanth.sbr
c:\users\user\documents\github\xashtasks\xash_build4529_src\temp\dlls\!debug\multiplay_gamerules.sbr
c:\users\user\documents\github\xashtasks\xash_build4529_src\temp\dlls\!debug\mp5.sbr
c:\users\user\documents\github\xashtasks\xash_build4529_src\temp\dlls\!debug\mortar.sbr
c:\users\user\documents\github\xashtasks\xash_build4529_src\temp\dlls\!debug\monsterstate.sbr
c:\users\user\documents\github\xashtasks\xash_build4529_src\temp\dlls\!debug\monsterstate.obj
c:\users\user\documents\github\xashtasks\xash_build4529_src\temp\dlls\!debug\mortar.obj
c:\users\user\documents\github\xashtasks\xash_build4529_src\temp\dlls\!debug\mp5.obj
c:\users\user\documents\github\xashtasks\xash_build4529_src\temp\dlls\!debug\multiplay_gamerules.obj
c:\users\user\documents\github\xashtasks\xash_build4529_src\temp\dlls\!debug\nihilanth.obj
c:\users\user\documents\github\xashtasks\xash_build4529_src\temp\dlls\!debug\nodes.obj
c:\users\user\documents\github\xashtasks\xash_build4529_src\temp\dlls\!debug\osprey.obj
c:\users\user\documents\github\xashtasks\xash_build4529_src\temp\dlls\!debug\pathcorner.obj
c:\users\user\documents\github\xashtasks\xash_build4529_src\temp\dlls\!debug\plane.obj
c:\users\user\documents\github\xashtasks\xash_build4529_src\temp\dlls\!debug\plats.obj
c:\users\user\documents\github\xashtasks\xash_build4529_src\temp\dlls\!debug\player.obj
c:\users\user\documents\github\xashtasks\xash_build4529_src\temp\dlls\!debug\python.obj
c:\users\user\documents\github\xashtasks\xash_build4529_src\temp\dlls\!debug\rat.obj
c:\users\user\documents\github\xashtasks\xash_build4529_src\temp\dlls\!debug\roach.obj
c:\users\user\documents\github\xashtasks\xash_build4529_src\temp\dlls\!debug\rpg.obj
c:\users\user\documents\github\xashtasks\xash_build4529_src\temp\dlls\!debug\satchel.obj
c:\users\user\documents\github\xashtasks\xash_build4529_src\temp\dlls\!debug\schedule.obj
c:\users\user\documents\github\xashtasks\xash_build4529_src\temp\dlls\!debug\scientist.obj
c:\users\user\documents\github\xashtasks\xash_build4529_src\temp\dlls\!debug\scripted.obj
c:\users\user\documents\github\xashtasks\xash_build4529_src\temp\dlls\!debug\shotgun.obj
c:\users\user\documents\github\xashtasks\xash_build4529_src\temp\dlls\!debug\monsters.sbr
c:\users\user\documents\github\xashtasks\xash_build4529_src\temp\dlls\!debug\monstermaker.sbr
c:\users\user\documents\github\xashtasks\xash_build4529_src\temp\dlls\!debug\maprules.sbr
c:\users\user\documents\github\xashtasks\xash_build4529_src\temp\dlls\!debug\lights.sbr
c:\users\user\documents\github\xashtasks\xash_build4529_src\temp\dlls\!debug\leech.sbr
c:\users\user\documents\github\xashtasks\xash_build4529_src\temp\dlls\!debug\items.sbr
c:\users\user\documents\github\xashtasks\xash_build4529_src\temp\dlls\!debug\islave.sbr
c:\users\user\documents\github\xashtasks\xash_build4529_src\temp\dlls\!debug\ichthyosaur.sbr
c:\users\user\documents\github\xashtasks\xash_build4529_src\temp\dlls\!debug\h_export.sbr
c:\users\user\documents\github\xashtasks\xash_build4529_src\temp\dlls\!debug\h_cycler.sbr
c:\users\user\documents\github\xashtasks\xash_build4529_src\temp\dlls\!debug\h_cine.sbr
c:\users\user\documents\github\xashtasks\xash_build4529_src\temp\dlls\!debug\h_battery.sbr
c:\users\user\documents\github\xashtasks\xash_build4529_src\temp\dlls\!debug\h_ai.sbr
c:\users\user\documents\github\xashtasks\xash_build4529_src\temp\dlls\!debug\houndeye.sbr
c:\users\user\documents\github\xashtasks\xash_build4529_src\temp\dlls\!debug\hornetgun.sbr
c:\users\user\documents\github\xashtasks\xash_build4529_src\temp\dlls\!debug\hornet.sbr
c:\users\user\documents\github\xashtasks\xash_build4529_src\temp\dlls\!debug\hgrunt.sbr
c:\users\user\documents\github\xashtasks\xash_build4529_src\temp\dlls\!debug\healthkit.sbr
c:\users\user\documents\github\xashtasks\xash_build4529_src\temp\dlls\!debug\headcrab.sbr
c:\users\user\documents\github\xashtasks\xash_build4529_src\temp\dlls\!debug\hassassin.sbr
c:\users\user\documents\github\xashtasks\xash_build4529_src\temp\dlls\!debug\hassassin.obj
c:\users\user\documents\github\xashtasks\xash_build4529_src\temp\dlls\!debug\headcrab.obj
c:\users\user\documents\github\xashtasks\xash_build4529_src\temp\dlls\!debug\healthkit.obj
c:\users\user\documents\github\xashtasks\xash_build4529_src\temp\dlls\!debug\hgrunt.obj
c:\users\user\documents\github\xashtasks\xash_build4529_src\temp\dlls\!debug\hornet.obj
c:\users\user\documents\github\xashtasks\xash_build4529_src\temp\dlls\!debug\hornetgun.obj
c:\users\user\documents\github\xashtasks\xash_build4529_src\temp\dlls\!debug\houndeye.obj
c:\users\user\documents\github\xashtasks\xash_build4529_src\temp\dlls\!debug\h_ai.obj
c:\users\user\documents\github\xashtasks\xash_build4529_src\temp\dlls\!debug\h_battery.obj
c:\users\user\documents\github\xashtasks\xash_build4529_src\temp\dlls\!debug\h_cine.obj
c:\users\user\documents\github\xashtasks\xash_build4529_src\temp\dlls\!debug\h_cycler.obj
c:\users\user\documents\github\xashtasks\xash_build4529_src\temp\dlls\!debug\h_export.obj
c:\users\user\documents\github\xashtasks\xash_build4529_src\temp\dlls\!debug\ichthyosaur.obj
c:\users\user\documents\github\xashtasks\xash_build4529_src\temp\dlls\!debug\islave.obj
c:\users\user\documents\github\xashtasks\xash_build4529_src\temp\dlls\!debug\items.obj
c:\users\user\documents\github\xashtasks\xash_build4529_src\temp\dlls\!debug\leech.obj
c:\users\user\documents\github\xashtasks\xash_build4529_src\temp\dlls\!debug\lights.obj
c:\users\user\documents\github\xashtasks\xash_build4529_src\temp\dlls\!debug\maprules.obj
c:\users\user\documents\github\xashtasks\xash_build4529_src\temp\dlls\!debug\monstermaker.obj
c:\users\user\documents\github\xashtasks\xash_build4529_src\temp\dlls\!debug\monsters.obj
c:\users\user\documents\github\xashtasks\xash_build4529_src\temp\dlls\!debug\handgrenade.sbr
c:\users\user\documents\github\xashtasks\xash_build4529_src\temp\dlls\!debug\gman.sbr
c:\users\user\documents\github\xashtasks\xash_build4529_src\temp\dlls\!debug\glock.sbr
c:\users\user\documents\github\xashtasks\xash_build4529_src\temp\dlls\!debug\globals.sbr
c:\users\user\documents\github\xashtasks\xash_build4529_src\temp\dlls\!debug\ggrenade.sbr
c:\users\user\documents\github\xashtasks\xash_build4529_src\temp\dlls\!debug\genericmonster.sbr
c:\users\user\documents\github\xashtasks\xash_build4529_src\temp\dlls\!debug\gauss.sbr
c:\users\user\documents\github\xashtasks\xash_build4529_src\temp\dlls\!debug\gargantua.sbr
c:\users\user\documents\github\xashtasks\xash_build4529_src\temp\dlls\!debug\gamerules.sbr
c:\users\user\documents\github\xashtasks\xash_build4529_src\temp\dlls\!debug\game.sbr
c:\users\user\documents\github\xashtasks\xash_build4529_src\temp\dlls\!debug\func_tank.sbr
c:\users\user\documents\github\xashtasks\xash_build4529_src\temp\dlls\!debug\func_break.sbr
c:\users\user\documents\github\xashtasks\xash_build4529_src\temp\dlls\!debug\flyingmonster.sbr
c:\users\user\documents\github\xashtasks\xash_build4529_src\temp\dlls\!debug\explode.sbr
c:\users\user\documents\github\xashtasks\xash_build4529_src\temp\dlls\!debug\egon.sbr
c:\users\user\documents\github\xashtasks\xash_build4529_src\temp\dlls\!debug\effects.sbr
c:\users\user\documents\github\xashtasks\xash_build4529_src\temp\dlls\!debug\doors.sbr
c:\users\user\documents\github\xashtasks\xash_build4529_src\temp\dlls\!debug\defaultai.sbr
c:\users\user\documents\github\xashtasks\xash_build4529_src\temp\dlls\!debug\crowbar.sbr
c:\users\user\documents\github\xashtasks\xash_build4529_src\temp\dlls\!debug\crossbow.sbr
c:\users\user\documents\github\xashtasks\xash_build4529_src\temp\dlls\!debug\crossbow.obj
c:\users\user\documents\github\xashtasks\xash_build4529_src\temp\dlls\!debug\crowbar.obj
c:\users\user\documents\github\xashtasks\xash_build4529_src\temp\dlls\!debug\defaultai.obj
c:\users\user\documents\github\xashtasks\xash_build4529_src\temp\dlls\!debug\doors.obj
c:\users\user\documents\github\xashtasks\xash_build4529_src\temp\dlls\!debug\effects.obj
c:\users\user\documents\github\xashtasks\xash_build4529_src\temp\dlls\!debug\egon.obj
c:\users\user\documents\github\xashtasks\xash_build4529_src\temp\dlls\!debug\explode.obj
c:\users\user\documents\github\xashtasks\xash_build4529_src\temp\dlls\!debug\flyingmonster.obj
c:\users\user\documents\github\xashtasks\xash_build4529_src\temp\dlls\!debug\func_break.obj
c:\users\user\documents\github\xashtasks\xash_build4529_src\temp\dlls\!debug\func_tank.obj
c:\users\user\documents\github\xashtasks\xash_build4529_src\temp\dlls\!debug\game.obj
c:\users\user\documents\github\xashtasks\xash_build4529_src\temp\dlls\!debug\gamerules.obj
c:\users\user\documents\github\xashtasks\xash_build4529_src\temp\dlls\!debug\gargantua.obj
c:\users\user\documents\github\xashtasks\xash_build4529_src\temp\dlls\!debug\gauss.obj
c:\users\user\documents\github\xashtasks\xash_build4529_src\temp\dlls\!debug\genericmonster.obj
c:\users\user\documents\github\xashtasks\xash_build4529_src\temp\dlls\!debug\ggrenade.obj
c:\users\user\documents\github\xashtasks\xash_build4529_src\temp\dlls\!debug\globals.obj
c:\users\user\documents\github\xashtasks\xash_build4529_src\temp\dlls\!debug\glock.obj
c:\users\user\documents\github\xashtasks\xash_build4529_src\temp\dlls\!debug\gman.obj
c:\users\user\documents\github\xashtasks\xash_build4529_src\temp\dlls\!debug\handgrenade.obj
c:\users\user\documents\github\xashtasks\xash_build4529_src\temp\dlls\!debug\controller.sbr
c:\users\user\documents\github\xashtasks\xash_build4529_src\temp\dlls\!debug\combat.sbr
c:\users\user\documents\github\xashtasks\xash_build4529_src\temp\dlls\!debug\client.sbr
c:\users\user\documents\github\xashtasks\xash_build4529_src\temp\dlls\!debug\cbase.sbr
c:\users\user\documents\github\xashtasks\xash_build4529_src\temp\dlls\!debug\buttons.sbr
c:\users\user\documents\github\xashtasks\xash_build4529_src\temp\dlls\!debug\bullsquid.sbr
c:\users\user\documents\github\xashtasks\xash_build4529_src\temp\dlls\!debug\bmodels.sbr
c:\users\user\documents\github\xashtasks\xash_build4529_src\temp\dlls\!debug\bloater.sbr
c:\users\user\documents\github\xashtasks\xash_build4529_src\temp\dlls\!debug\bigmomma.sbr
c:\users\user\documents\github\xashtasks\xash_build4529_src\temp\dlls\!debug\barney.sbr
c:\users\user\documents\github\xashtasks\xash_build4529_src\temp\dlls\!debug\barnacle.sbr
c:\users\user\documents\github\xashtasks\xash_build4529_src\temp\dlls\!debug\apache.sbr
c:\users\user\documents\github\xashtasks\xash_build4529_src\temp\dlls\!debug\animation.sbr
c:\users\user\documents\github\xashtasks\xash_build4529_src\temp\dlls\!debug\animating.sbr
c:\users\user\documents\github\xashtasks\xash_build4529_src\temp\dlls\!debug\airtank.sbr
c:\users\user\documents\github\xashtasks\xash_build4529_src\temp\dlls\!debug\agrunt.sbr
c:\users\user\documents\github\xashtasks\xash_build4529_src\temp\dlls\!debug\aflock.sbr
c:\users\user\documents\github\xashtasks\xash_build4529_src\temp\dlls\!debug\voice_gamemgr.sbr
c:\users\user\documents\github\xashtasks\xash_build4529_src\temp\dlls\!debug\voice_gamemgr.obj
c:\users\user\documents\github\xashtasks\xash_build4529_src\temp\dlls\!debug\aflock.obj
c:\users\user\documents\github\xashtasks\xash_build4529_src\temp\dlls\!debug\agrunt.obj
c:\users\user\documents\github\xashtasks\xash_build4529_src\temp\dlls\!debug\airtank.obj
c:\users\user\documents\github\xashtasks\xash_build4529_src\temp\dlls\!debug\animating.obj
c:\users\user\documents\github\xashtasks\xash_build4529_src\temp\dlls\!debug\animation.obj
c:\users\user\documents\github\xashtasks\xash_build4529_src\temp\dlls\!debug\apache.obj
c:\users\user\documents\github\xashtasks\xash_build4529_src\temp\dlls\!debug\barnacle.obj
c:\users\user\documents\github\xashtasks\xash_build4529_src\temp\dlls\!debug\barney.obj
c:\users\user\documents\github\xashtasks\xash_build4529_src\temp\dlls\!debug\bigmomma.obj
c:\users\user\documents\github\xashtasks\xash_build4529_src\temp\dlls\!debug\bloater.obj
c:\users\user\documents\github\xashtasks\xash_build4529_src\temp\dlls\!debug\bmodels.obj
c:\users\user\documents\github\xashtasks\xash_build4529_src\temp\dlls\!debug\bullsquid.obj
c:\users\user\documents\github\xashtasks\xash_build4529_src\temp\dlls\!debug\buttons.obj
c:\users\user\documents\github\xashtasks\xash_build4529_src\temp\dlls\!debug\cbase.obj
c:\users\user\documents\github\xashtasks\xash_build4529_src\temp\dlls\!debug\client.obj
c:\users\user\documents\github\xashtasks\xash_build4529_src\temp\dlls\!debug\combat.obj
c:\users\user\documents\github\xashtasks\xash_build4529_src\temp\dlls\!debug\controller.obj
c:\users\user\documents\github\xashtasks\xash_build4529_src\temp\dlls\!debug\pm_shared.sbr
c:\users\user\documents\github\xashtasks\xash_build4529_src\temp\dlls\!debug\pm_math.sbr
c:\users\user\documents\github\xashtasks\xash_build4529_src\temp\dlls\!debug\pm_debug.sbr
c:\users\user\documents\github\xashtasks\xash_build4529_src\temp\dlls\!debug\pm_debug.obj
c:\users\user\documents\github\xashtasks\xash_build4529_src\temp\dlls\!debug\pm_math.obj
c:\users\user\documents\github\xashtasks\xash_build4529_src\temp\dlls\!debug\pm_shared.obj
c:\users\user\documents\github\xashtasks\xash_build4529_src\temp\dlls\!debug\hl.tlog\cl.command.1.tlog
c:\users\user\documents\github\xashtasks\xash_build4529_src\temp\dlls\!debug\hl.tlog\cl.read.1.tlog
c:\users\user\documents\github\xashtasks\xash_build4529_src\temp\dlls\!debug\hl.tlog\cl.write.1.tlog
