c:\users\user\documents\github\xashtasks\xashxt_v0.81_rev.1_with_sources\xashxt_v0.81_rev.1_src\temp\server\!debug\server.bsc
c:\users\user\documents\github\xashtasks\xashxt_v0.81_rev.1_with_sources\xashxt_v0.81_rev.1_src\temp\server\!debug\vc141.pdb
c:\users\user\documents\github\xashtasks\xashxt_v0.81_rev.1_with_sources\xashxt_v0.81_rev.1_src\temp\server\!debug\vc141.idb
c:\users\user\documents\github\xashtasks\xashxt_v0.81_rev.1_with_sources\xashxt_v0.81_rev.1_src\temp\server\!debug\world.sbr
c:\users\user\documents\github\xashtasks\xashxt_v0.81_rev.1_with_sources\xashxt_v0.81_rev.1_src\temp\server\!debug\weapons.sbr
c:\users\user\documents\github\xashtasks\xashxt_v0.81_rev.1_with_sources\xashxt_v0.81_rev.1_src\temp\server\!debug\util.sbr
c:\users\user\documents\github\xashtasks\xashxt_v0.81_rev.1_with_sources\xashxt_v0.81_rev.1_src\temp\server\!debug\tripmine.sbr
c:\users\user\documents\github\xashtasks\xashxt_v0.81_rev.1_with_sources\xashxt_v0.81_rev.1_src\temp\server\!debug\triggers.sbr
c:\users\user\documents\github\xashtasks\xashxt_v0.81_rev.1_with_sources\xashxt_v0.81_rev.1_src\temp\server\!debug\teamplay_gamerules.sbr
c:\users\user\documents\github\xashtasks\xashxt_v0.81_rev.1_with_sources\xashxt_v0.81_rev.1_src\temp\server\!debug\subs.sbr
c:\users\user\documents\github\xashtasks\xashxt_v0.81_rev.1_with_sources\xashxt_v0.81_rev.1_src\temp\server\!debug\strings.sbr
c:\users\user\documents\github\xashtasks\xashxt_v0.81_rev.1_with_sources\xashxt_v0.81_rev.1_src\temp\server\!debug\stats.sbr
c:\users\user\documents\github\xashtasks\xashxt_v0.81_rev.1_with_sources\xashxt_v0.81_rev.1_src\temp\server\!debug\squeakgrenade.sbr
c:\users\user\documents\github\xashtasks\xashxt_v0.81_rev.1_with_sources\xashxt_v0.81_rev.1_src\temp\server\!debug\spectator.sbr
c:\users\user\documents\github\xashtasks\xashxt_v0.81_rev.1_with_sources\xashxt_v0.81_rev.1_src\temp\server\!debug\sound.sbr
c:\users\user\documents\github\xashtasks\xashxt_v0.81_rev.1_with_sources\xashxt_v0.81_rev.1_src\temp\server\!debug\skill.sbr
c:\users\user\documents\github\xashtasks\xashxt_v0.81_rev.1_with_sources\xashxt_v0.81_rev.1_src\temp\server\!debug\singleplay_gamerules.sbr
c:\users\user\documents\github\xashtasks\xashxt_v0.81_rev.1_with_sources\xashxt_v0.81_rev.1_src\temp\server\!debug\shotgun.sbr
c:\users\user\documents\github\xashtasks\xashxt_v0.81_rev.1_with_sources\xashxt_v0.81_rev.1_src\temp\server\!debug\saverestore.sbr
c:\users\user\documents\github\xashtasks\xashxt_v0.81_rev.1_with_sources\xashxt_v0.81_rev.1_src\temp\server\!debug\satchel.sbr
c:\users\user\documents\github\xashtasks\xashxt_v0.81_rev.1_with_sources\xashxt_v0.81_rev.1_src\temp\server\!debug\rpg.sbr
c:\users\user\documents\github\xashtasks\xashxt_v0.81_rev.1_with_sources\xashxt_v0.81_rev.1_src\temp\server\!debug\cropesegment.sbr
c:\users\user\documents\github\xashtasks\xashxt_v0.81_rev.1_with_sources\xashxt_v0.81_rev.1_src\temp\server\!debug\crope.sbr
c:\users\user\documents\github\xashtasks\xashxt_v0.81_rev.1_with_sources\xashxt_v0.81_rev.1_src\temp\server\!debug\crope.obj
c:\users\user\documents\github\xashtasks\xashxt_v0.81_rev.1_with_sources\xashxt_v0.81_rev.1_src\temp\server\!debug\crope.asm
c:\users\user\documents\github\xashtasks\xashxt_v0.81_rev.1_with_sources\xashxt_v0.81_rev.1_src\temp\server\!debug\cropesegment.obj
c:\users\user\documents\github\xashtasks\xashxt_v0.81_rev.1_with_sources\xashxt_v0.81_rev.1_src\temp\server\!debug\cropesegment.asm
c:\users\user\documents\github\xashtasks\xashxt_v0.81_rev.1_with_sources\xashxt_v0.81_rev.1_src\temp\server\!debug\saverestore.obj
c:\users\user\documents\github\xashtasks\xashxt_v0.81_rev.1_with_sources\xashxt_v0.81_rev.1_src\temp\server\!debug\saverestore.asm
c:\users\user\documents\github\xashtasks\xashxt_v0.81_rev.1_with_sources\xashxt_v0.81_rev.1_src\temp\server\!debug\skill.obj
c:\users\user\documents\github\xashtasks\xashxt_v0.81_rev.1_with_sources\xashxt_v0.81_rev.1_src\temp\server\!debug\skill.asm
c:\users\user\documents\github\xashtasks\xashxt_v0.81_rev.1_with_sources\xashxt_v0.81_rev.1_src\temp\server\!debug\spectator.obj
c:\users\user\documents\github\xashtasks\xashxt_v0.81_rev.1_with_sources\xashxt_v0.81_rev.1_src\temp\server\!debug\spectator.asm
c:\users\user\documents\github\xashtasks\xashxt_v0.81_rev.1_with_sources\xashxt_v0.81_rev.1_src\temp\server\!debug\strings.obj
c:\users\user\documents\github\xashtasks\xashxt_v0.81_rev.1_with_sources\xashxt_v0.81_rev.1_src\temp\server\!debug\strings.asm
c:\users\user\documents\github\xashtasks\xashxt_v0.81_rev.1_with_sources\xashxt_v0.81_rev.1_src\temp\server\!debug\celectrifiedwire.sbr
c:\users\user\documents\github\xashtasks\xashxt_v0.81_rev.1_with_sources\xashxt_v0.81_rev.1_src\temp\server\!debug\python.sbr
c:\users\user\documents\github\xashtasks\xashxt_v0.81_rev.1_with_sources\xashxt_v0.81_rev.1_src\temp\server\!debug\player.sbr
c:\users\user\documents\github\xashtasks\xashxt_v0.81_rev.1_with_sources\xashxt_v0.81_rev.1_src\temp\server\!debug\plats.sbr
c:\users\user\documents\github\xashtasks\xashxt_v0.81_rev.1_with_sources\xashxt_v0.81_rev.1_src\temp\server\!debug\plane.sbr
c:\users\user\documents\github\xashtasks\xashxt_v0.81_rev.1_with_sources\xashxt_v0.81_rev.1_src\temp\server\!debug\trace.sbr
c:\users\user\documents\github\xashtasks\xashxt_v0.81_rev.1_with_sources\xashxt_v0.81_rev.1_src\temp\server\!debug\nxuserstream.sbr
c:\users\user\documents\github\xashtasks\xashxt_v0.81_rev.1_with_sources\xashxt_v0.81_rev.1_src\temp\server\!debug\meshdesc.sbr
c:\users\user\documents\github\xashtasks\xashxt_v0.81_rev.1_with_sources\xashxt_v0.81_rev.1_src\temp\server\!debug\physic.sbr
c:\users\user\documents\github\xashtasks\xashxt_v0.81_rev.1_with_sources\xashxt_v0.81_rev.1_src\temp\server\!debug\physents.sbr
c:\users\user\documents\github\xashtasks\xashxt_v0.81_rev.1_with_sources\xashxt_v0.81_rev.1_src\temp\server\!debug\pathcorner.sbr
c:\users\user\documents\github\xashtasks\xashxt_v0.81_rev.1_with_sources\xashxt_v0.81_rev.1_src\temp\server\!debug\novodex.sbr
c:\users\user\documents\github\xashtasks\xashxt_v0.81_rev.1_with_sources\xashxt_v0.81_rev.1_src\temp\server\!debug\multiplay_gamerules.sbr
c:\users\user\documents\github\xashtasks\xashxt_v0.81_rev.1_with_sources\xashxt_v0.81_rev.1_src\temp\server\!debug\mp5.sbr
c:\users\user\documents\github\xashtasks\xashxt_v0.81_rev.1_with_sources\xashxt_v0.81_rev.1_src\temp\server\!debug\mortar.sbr
c:\users\user\documents\github\xashtasks\xashxt_v0.81_rev.1_with_sources\xashxt_v0.81_rev.1_src\temp\server\!debug\zombie.sbr
c:\users\user\documents\github\xashtasks\xashxt_v0.81_rev.1_with_sources\xashxt_v0.81_rev.1_src\temp\server\!debug\xen.sbr
c:\users\user\documents\github\xashtasks\xashxt_v0.81_rev.1_with_sources\xashxt_v0.81_rev.1_src\temp\server\!debug\turret.sbr
c:\users\user\documents\github\xashtasks\xashxt_v0.81_rev.1_with_sources\xashxt_v0.81_rev.1_src\temp\server\!debug\tentacle.sbr
c:\users\user\documents\github\xashtasks\xashxt_v0.81_rev.1_with_sources\xashxt_v0.81_rev.1_src\temp\server\!debug\tempmonster.sbr
c:\users\user\documents\github\xashtasks\xashxt_v0.81_rev.1_with_sources\xashxt_v0.81_rev.1_src\temp\server\!debug\tempmonster.obj
c:\users\user\documents\github\xashtasks\xashxt_v0.81_rev.1_with_sources\xashxt_v0.81_rev.1_src\temp\server\!debug\tempmonster.asm
c:\users\user\documents\github\xashtasks\xashxt_v0.81_rev.1_with_sources\xashxt_v0.81_rev.1_src\temp\server\!debug\zombie.obj
c:\users\user\documents\github\xashtasks\xashxt_v0.81_rev.1_with_sources\xashxt_v0.81_rev.1_src\temp\server\!debug\zombie.asm
c:\users\user\documents\github\xashtasks\xashxt_v0.81_rev.1_with_sources\xashxt_v0.81_rev.1_src\temp\server\!debug\pathcorner.obj
c:\users\user\documents\github\xashtasks\xashxt_v0.81_rev.1_with_sources\xashxt_v0.81_rev.1_src\temp\server\!debug\pathcorner.asm
c:\users\user\documents\github\xashtasks\xashxt_v0.81_rev.1_with_sources\xashxt_v0.81_rev.1_src\temp\server\!debug\meshdesc.obj
c:\users\user\documents\github\xashtasks\xashxt_v0.81_rev.1_with_sources\xashxt_v0.81_rev.1_src\temp\server\!debug\meshdesc.asm
c:\users\user\documents\github\xashtasks\xashxt_v0.81_rev.1_with_sources\xashxt_v0.81_rev.1_src\temp\server\!debug\nxuserstream.obj
c:\users\user\documents\github\xashtasks\xashxt_v0.81_rev.1_with_sources\xashxt_v0.81_rev.1_src\temp\server\!debug\nxuserstream.asm
c:\users\user\documents\github\xashtasks\xashxt_v0.81_rev.1_with_sources\xashxt_v0.81_rev.1_src\temp\server\!debug\trace.obj
c:\users\user\documents\github\xashtasks\xashxt_v0.81_rev.1_with_sources\xashxt_v0.81_rev.1_src\temp\server\!debug\trace.asm
c:\users\user\documents\github\xashtasks\xashxt_v0.81_rev.1_with_sources\xashxt_v0.81_rev.1_src\temp\server\!debug\plane.obj
c:\users\user\documents\github\xashtasks\xashxt_v0.81_rev.1_with_sources\xashxt_v0.81_rev.1_src\temp\server\!debug\plane.asm
c:\users\user\documents\github\xashtasks\xashxt_v0.81_rev.1_with_sources\xashxt_v0.81_rev.1_src\temp\server\!debug\celectrifiedwire.obj
c:\users\user\documents\github\xashtasks\xashxt_v0.81_rev.1_with_sources\xashxt_v0.81_rev.1_src\temp\server\!debug\celectrifiedwire.asm
c:\users\user\documents\github\xashtasks\xashxt_v0.81_rev.1_with_sources\xashxt_v0.81_rev.1_src\temp\server\!debug\talkmonster.sbr
c:\users\user\documents\github\xashtasks\xashxt_v0.81_rev.1_with_sources\xashxt_v0.81_rev.1_src\temp\server\!debug\squadmonster.sbr
c:\users\user\documents\github\xashtasks\xashxt_v0.81_rev.1_with_sources\xashxt_v0.81_rev.1_src\temp\server\!debug\spritemonster.sbr
c:\users\user\documents\github\xashtasks\xashxt_v0.81_rev.1_with_sources\xashxt_v0.81_rev.1_src\temp\server\!debug\soundent.sbr
c:\users\user\documents\github\xashtasks\xashxt_v0.81_rev.1_with_sources\xashxt_v0.81_rev.1_src\temp\server\!debug\scripted.sbr
c:\users\user\documents\github\xashtasks\xashxt_v0.81_rev.1_with_sources\xashxt_v0.81_rev.1_src\temp\server\!debug\scientist.sbr
c:\users\user\documents\github\xashtasks\xashxt_v0.81_rev.1_with_sources\xashxt_v0.81_rev.1_src\temp\server\!debug\schedule.sbr
c:\users\user\documents\github\xashtasks\xashxt_v0.81_rev.1_with_sources\xashxt_v0.81_rev.1_src\temp\server\!debug\roach.sbr
c:\users\user\documents\github\xashtasks\xashxt_v0.81_rev.1_with_sources\xashxt_v0.81_rev.1_src\temp\server\!debug\rat.sbr
c:\users\user\documents\github\xashtasks\xashxt_v0.81_rev.1_with_sources\xashxt_v0.81_rev.1_src\temp\server\!debug\playermonster.sbr
c:\users\user\documents\github\xashtasks\xashxt_v0.81_rev.1_with_sources\xashxt_v0.81_rev.1_src\temp\server\!debug\osprey.sbr
c:\users\user\documents\github\xashtasks\xashxt_v0.81_rev.1_with_sources\xashxt_v0.81_rev.1_src\temp\server\!debug\nihilanth.sbr
c:\users\user\documents\github\xashtasks\xashxt_v0.81_rev.1_with_sources\xashxt_v0.81_rev.1_src\temp\server\!debug\monsterstate.sbr
c:\users\user\documents\github\xashtasks\xashxt_v0.81_rev.1_with_sources\xashxt_v0.81_rev.1_src\temp\server\!debug\monsters.sbr
c:\users\user\documents\github\xashtasks\xashxt_v0.81_rev.1_with_sources\xashxt_v0.81_rev.1_src\temp\server\!debug\monstermaker.sbr
c:\users\user\documents\github\xashtasks\xashxt_v0.81_rev.1_with_sources\xashxt_v0.81_rev.1_src\temp\server\!debug\leech.sbr
c:\users\user\documents\github\xashtasks\xashxt_v0.81_rev.1_with_sources\xashxt_v0.81_rev.1_src\temp\server\!debug\islave.sbr
c:\users\user\documents\github\xashtasks\xashxt_v0.81_rev.1_with_sources\xashxt_v0.81_rev.1_src\temp\server\!debug\ichthyosaur.sbr
c:\users\user\documents\github\xashtasks\xashxt_v0.81_rev.1_with_sources\xashxt_v0.81_rev.1_src\temp\server\!debug\h_ai.sbr
c:\users\user\documents\github\xashtasks\xashxt_v0.81_rev.1_with_sources\xashxt_v0.81_rev.1_src\temp\server\!debug\h_ai.obj
c:\users\user\documents\github\xashtasks\xashxt_v0.81_rev.1_with_sources\xashxt_v0.81_rev.1_src\temp\server\!debug\h_ai.asm
c:\users\user\documents\github\xashtasks\xashxt_v0.81_rev.1_with_sources\xashxt_v0.81_rev.1_src\temp\server\!debug\playermonster.obj
c:\users\user\documents\github\xashtasks\xashxt_v0.81_rev.1_with_sources\xashxt_v0.81_rev.1_src\temp\server\!debug\playermonster.asm
c:\users\user\documents\github\xashtasks\xashxt_v0.81_rev.1_with_sources\xashxt_v0.81_rev.1_src\temp\server\!debug\rat.obj
c:\users\user\documents\github\xashtasks\xashxt_v0.81_rev.1_with_sources\xashxt_v0.81_rev.1_src\temp\server\!debug\rat.asm
c:\users\user\documents\github\xashtasks\xashxt_v0.81_rev.1_with_sources\xashxt_v0.81_rev.1_src\temp\server\!debug\squadmonster.obj
c:\users\user\documents\github\xashtasks\xashxt_v0.81_rev.1_with_sources\xashxt_v0.81_rev.1_src\temp\server\!debug\squadmonster.asm
c:\users\user\documents\github\xashtasks\xashxt_v0.81_rev.1_with_sources\xashxt_v0.81_rev.1_src\temp\server\!debug\houndeye.sbr
c:\users\user\documents\github\xashtasks\xashxt_v0.81_rev.1_with_sources\xashxt_v0.81_rev.1_src\temp\server\!debug\hornet.sbr
c:\users\user\documents\github\xashtasks\xashxt_v0.81_rev.1_with_sources\xashxt_v0.81_rev.1_src\temp\server\!debug\hgrunt.sbr
c:\users\user\documents\github\xashtasks\xashxt_v0.81_rev.1_with_sources\xashxt_v0.81_rev.1_src\temp\server\!debug\headcrab.sbr
c:\users\user\documents\github\xashtasks\xashxt_v0.81_rev.1_with_sources\xashxt_v0.81_rev.1_src\temp\server\!debug\hassassin.sbr
c:\users\user\documents\github\xashtasks\xashxt_v0.81_rev.1_with_sources\xashxt_v0.81_rev.1_src\temp\server\!debug\gman.sbr
c:\users\user\documents\github\xashtasks\xashxt_v0.81_rev.1_with_sources\xashxt_v0.81_rev.1_src\temp\server\!debug\genericmonster.sbr
c:\users\user\documents\github\xashtasks\xashxt_v0.81_rev.1_with_sources\xashxt_v0.81_rev.1_src\temp\server\!debug\gargantua.sbr
c:\users\user\documents\github\xashtasks\xashxt_v0.81_rev.1_with_sources\xashxt_v0.81_rev.1_src\temp\server\!debug\flyingmonster.sbr
c:\users\user\documents\github\xashtasks\xashxt_v0.81_rev.1_with_sources\xashxt_v0.81_rev.1_src\temp\server\!debug\defaultai.sbr
c:\users\user\documents\github\xashtasks\xashxt_v0.81_rev.1_with_sources\xashxt_v0.81_rev.1_src\temp\server\!debug\controller.sbr
c:\users\user\documents\github\xashtasks\xashxt_v0.81_rev.1_with_sources\xashxt_v0.81_rev.1_src\temp\server\!debug\bullsquid.sbr
c:\users\user\documents\github\xashtasks\xashxt_v0.81_rev.1_with_sources\xashxt_v0.81_rev.1_src\temp\server\!debug\bloater.sbr
c:\users\user\documents\github\xashtasks\xashxt_v0.81_rev.1_with_sources\xashxt_v0.81_rev.1_src\temp\server\!debug\bigmomma.sbr
c:\users\user\documents\github\xashtasks\xashxt_v0.81_rev.1_with_sources\xashxt_v0.81_rev.1_src\temp\server\!debug\barney.sbr
c:\users\user\documents\github\xashtasks\xashxt_v0.81_rev.1_with_sources\xashxt_v0.81_rev.1_src\temp\server\!debug\barnacle.sbr
c:\users\user\documents\github\xashtasks\xashxt_v0.81_rev.1_with_sources\xashxt_v0.81_rev.1_src\temp\server\!debug\apache.sbr
c:\users\user\documents\github\xashtasks\xashxt_v0.81_rev.1_with_sources\xashxt_v0.81_rev.1_src\temp\server\!debug\animation.sbr
c:\users\user\documents\github\xashtasks\xashxt_v0.81_rev.1_with_sources\xashxt_v0.81_rev.1_src\temp\server\!debug\animating.sbr
c:\users\user\documents\github\xashtasks\xashxt_v0.81_rev.1_with_sources\xashxt_v0.81_rev.1_src\temp\server\!debug\agrunt.sbr
c:\users\user\documents\github\xashtasks\xashxt_v0.81_rev.1_with_sources\xashxt_v0.81_rev.1_src\temp\server\!debug\animating.obj
c:\users\user\documents\github\xashtasks\xashxt_v0.81_rev.1_with_sources\xashxt_v0.81_rev.1_src\temp\server\!debug\animating.asm
c:\users\user\documents\github\xashtasks\xashxt_v0.81_rev.1_with_sources\xashxt_v0.81_rev.1_src\temp\server\!debug\bloater.obj
c:\users\user\documents\github\xashtasks\xashxt_v0.81_rev.1_with_sources\xashxt_v0.81_rev.1_src\temp\server\!debug\bloater.asm
c:\users\user\documents\github\xashtasks\xashxt_v0.81_rev.1_with_sources\xashxt_v0.81_rev.1_src\temp\server\!debug\flyingmonster.obj
c:\users\user\documents\github\xashtasks\xashxt_v0.81_rev.1_with_sources\xashxt_v0.81_rev.1_src\temp\server\!debug\flyingmonster.asm
c:\users\user\documents\github\xashtasks\xashxt_v0.81_rev.1_with_sources\xashxt_v0.81_rev.1_src\temp\server\!debug\genericmonster.obj
c:\users\user\documents\github\xashtasks\xashxt_v0.81_rev.1_with_sources\xashxt_v0.81_rev.1_src\temp\server\!debug\genericmonster.asm
c:\users\user\documents\github\xashtasks\xashxt_v0.81_rev.1_with_sources\xashxt_v0.81_rev.1_src\temp\server\!debug\aflock.sbr
c:\users\user\documents\github\xashtasks\xashxt_v0.81_rev.1_with_sources\xashxt_v0.81_rev.1_src\temp\server\!debug\maprules.sbr
c:\users\user\documents\github\xashtasks\xashxt_v0.81_rev.1_with_sources\xashxt_v0.81_rev.1_src\temp\server\!debug\mapents.sbr
c:\users\user\documents\github\xashtasks\xashxt_v0.81_rev.1_with_sources\xashxt_v0.81_rev.1_src\temp\server\!debug\lights.sbr
c:\users\user\documents\github\xashtasks\xashxt_v0.81_rev.1_with_sources\xashxt_v0.81_rev.1_src\temp\server\!debug\items.sbr
c:\users\user\documents\github\xashtasks\xashxt_v0.81_rev.1_with_sources\xashxt_v0.81_rev.1_src\temp\server\!debug\h_cycler.sbr
c:\users\user\documents\github\xashtasks\xashxt_v0.81_rev.1_with_sources\xashxt_v0.81_rev.1_src\temp\server\!debug\h_battery.sbr
c:\users\user\documents\github\xashtasks\xashxt_v0.81_rev.1_with_sources\xashxt_v0.81_rev.1_src\temp\server\!debug\hornetgun.sbr
c:\users\user\documents\github\xashtasks\xashxt_v0.81_rev.1_with_sources\xashxt_v0.81_rev.1_src\temp\server\!debug\healthkit.sbr
c:\users\user\documents\github\xashtasks\xashxt_v0.81_rev.1_with_sources\xashxt_v0.81_rev.1_src\temp\server\!debug\handgrenade.sbr
c:\users\user\documents\github\xashtasks\xashxt_v0.81_rev.1_with_sources\xashxt_v0.81_rev.1_src\temp\server\!debug\glock.sbr
c:\users\user\documents\github\xashtasks\xashxt_v0.81_rev.1_with_sources\xashxt_v0.81_rev.1_src\temp\server\!debug\globals.sbr
c:\users\user\documents\github\xashtasks\xashxt_v0.81_rev.1_with_sources\xashxt_v0.81_rev.1_src\temp\server\!debug\ggrenade.sbr
c:\users\user\documents\github\xashtasks\xashxt_v0.81_rev.1_with_sources\xashxt_v0.81_rev.1_src\temp\server\!debug\gauss.sbr
c:\users\user\documents\github\xashtasks\xashxt_v0.81_rev.1_with_sources\xashxt_v0.81_rev.1_src\temp\server\!debug\gamerules.sbr
c:\users\user\documents\github\xashtasks\xashxt_v0.81_rev.1_with_sources\xashxt_v0.81_rev.1_src\temp\server\!debug\game.sbr
c:\users\user\documents\github\xashtasks\xashxt_v0.81_rev.1_with_sources\xashxt_v0.81_rev.1_src\temp\server\!debug\func_tank.sbr
c:\users\user\documents\github\xashtasks\xashxt_v0.81_rev.1_with_sources\xashxt_v0.81_rev.1_src\temp\server\!debug\func_monitor.sbr
c:\users\user\documents\github\xashtasks\xashxt_v0.81_rev.1_with_sources\xashxt_v0.81_rev.1_src\temp\server\!debug\func_break.sbr
c:\users\user\documents\github\xashtasks\xashxt_v0.81_rev.1_with_sources\xashxt_v0.81_rev.1_src\temp\server\!debug\explode.sbr
c:\users\user\documents\github\xashtasks\xashxt_v0.81_rev.1_with_sources\xashxt_v0.81_rev.1_src\temp\server\!debug\game.obj
c:\users\user\documents\github\xashtasks\xashxt_v0.81_rev.1_with_sources\xashxt_v0.81_rev.1_src\temp\server\!debug\game.asm
c:\users\user\documents\github\xashtasks\xashxt_v0.81_rev.1_with_sources\xashxt_v0.81_rev.1_src\temp\server\!debug\mapents.obj
c:\users\user\documents\github\xashtasks\xashxt_v0.81_rev.1_with_sources\xashxt_v0.81_rev.1_src\temp\server\!debug\mapents.asm
c:\users\user\documents\github\xashtasks\xashxt_v0.81_rev.1_with_sources\xashxt_v0.81_rev.1_src\temp\server\!debug\maprules.obj
c:\users\user\documents\github\xashtasks\xashxt_v0.81_rev.1_with_sources\xashxt_v0.81_rev.1_src\temp\server\!debug\maprules.asm
c:\users\user\documents\github\xashtasks\xashxt_v0.81_rev.1_with_sources\xashxt_v0.81_rev.1_src\temp\server\!debug\egon.sbr
c:\users\user\documents\github\xashtasks\xashxt_v0.81_rev.1_with_sources\xashxt_v0.81_rev.1_src\temp\server\!debug\effects.sbr
c:\users\user\documents\github\xashtasks\xashxt_v0.81_rev.1_with_sources\xashxt_v0.81_rev.1_src\temp\server\!debug\doors.sbr
c:\users\user\documents\github\xashtasks\xashxt_v0.81_rev.1_with_sources\xashxt_v0.81_rev.1_src\temp\server\!debug\dll_int.sbr
c:\users\user\documents\github\xashtasks\xashxt_v0.81_rev.1_with_sources\xashxt_v0.81_rev.1_src\temp\server\!debug\crowbar.sbr
c:\users\user\documents\github\xashtasks\xashxt_v0.81_rev.1_with_sources\xashxt_v0.81_rev.1_src\temp\server\!debug\crossbow.sbr
c:\users\user\documents\github\xashtasks\xashxt_v0.81_rev.1_with_sources\xashxt_v0.81_rev.1_src\temp\server\!debug\combat.sbr
c:\users\user\documents\github\xashtasks\xashxt_v0.81_rev.1_with_sources\xashxt_v0.81_rev.1_src\temp\server\!debug\client.sbr
c:\users\user\documents\github\xashtasks\xashxt_v0.81_rev.1_with_sources\xashxt_v0.81_rev.1_src\temp\server\!debug\cbase.sbr
c:\users\user\documents\github\xashtasks\xashxt_v0.81_rev.1_with_sources\xashxt_v0.81_rev.1_src\temp\server\!debug\buttons.sbr
c:\users\user\documents\github\xashtasks\xashxt_v0.81_rev.1_with_sources\xashxt_v0.81_rev.1_src\temp\server\!debug\bmodels.sbr
c:\users\user\documents\github\xashtasks\xashxt_v0.81_rev.1_with_sources\xashxt_v0.81_rev.1_src\temp\server\!debug\airtank.sbr
c:\users\user\documents\github\xashtasks\xashxt_v0.81_rev.1_with_sources\xashxt_v0.81_rev.1_src\temp\server\!debug\vector.sbr
c:\users\user\documents\github\xashtasks\xashxt_v0.81_rev.1_with_sources\xashxt_v0.81_rev.1_src\temp\server\!debug\stringlib.sbr
c:\users\user\documents\github\xashtasks\xashxt_v0.81_rev.1_with_sources\xashxt_v0.81_rev.1_src\temp\server\!debug\playermove.sbr
c:\users\user\documents\github\xashtasks\xashxt_v0.81_rev.1_with_sources\xashxt_v0.81_rev.1_src\temp\server\!debug\matrix.sbr
c:\users\user\documents\github\xashtasks\xashxt_v0.81_rev.1_with_sources\xashxt_v0.81_rev.1_src\temp\server\!debug\mathlib.sbr
c:\users\user\documents\github\xashtasks\xashxt_v0.81_rev.1_with_sources\xashxt_v0.81_rev.1_src\temp\server\!debug\ikcontext.sbr
c:\users\user\documents\github\xashtasks\xashxt_v0.81_rev.1_with_sources\xashxt_v0.81_rev.1_src\temp\server\!debug\common.sbr
c:\users\user\documents\github\xashtasks\xashxt_v0.81_rev.1_with_sources\xashxt_v0.81_rev.1_src\temp\server\!debug\bone_setup.sbr
c:\users\user\documents\github\xashtasks\xashxt_v0.81_rev.1_with_sources\xashxt_v0.81_rev.1_src\temp\server\!debug\common.obj
c:\users\user\documents\github\xashtasks\xashxt_v0.81_rev.1_with_sources\xashxt_v0.81_rev.1_src\temp\server\!debug\common.asm
c:\users\user\documents\github\xashtasks\xashxt_v0.81_rev.1_with_sources\xashxt_v0.81_rev.1_src\temp\server\!debug\ikcontext.obj
c:\users\user\documents\github\xashtasks\xashxt_v0.81_rev.1_with_sources\xashxt_v0.81_rev.1_src\temp\server\!debug\ikcontext.asm
c:\users\user\documents\github\xashtasks\xashxt_v0.81_rev.1_with_sources\xashxt_v0.81_rev.1_src\temp\server\!debug\matrix.obj
c:\users\user\documents\github\xashtasks\xashxt_v0.81_rev.1_with_sources\xashxt_v0.81_rev.1_src\temp\server\!debug\matrix.asm
c:\users\user\documents\github\xashtasks\xashxt_v0.81_rev.1_with_sources\xashxt_v0.81_rev.1_src\temp\server\!debug\playermove.obj
c:\users\user\documents\github\xashtasks\xashxt_v0.81_rev.1_with_sources\xashxt_v0.81_rev.1_src\temp\server\!debug\playermove.asm
c:\users\user\documents\github\xashtasks\xashxt_v0.81_rev.1_with_sources\xashxt_v0.81_rev.1_src\temp\server\!debug\stringlib.obj
c:\users\user\documents\github\xashtasks\xashxt_v0.81_rev.1_with_sources\xashxt_v0.81_rev.1_src\temp\server\!debug\stringlib.asm
c:\users\user\documents\github\xashtasks\xashxt_v0.81_rev.1_with_sources\xashxt_v0.81_rev.1_src\temp\server\!debug\vector.obj
c:\users\user\documents\github\xashtasks\xashxt_v0.81_rev.1_with_sources\xashxt_v0.81_rev.1_src\temp\server\!debug\vector.asm
c:\users\user\documents\github\xashtasks\xashxt_v0.81_rev.1_with_sources\xashxt_v0.81_rev.1_src\temp\server\!debug\dll_int.obj
c:\users\user\documents\github\xashtasks\xashxt_v0.81_rev.1_with_sources\xashxt_v0.81_rev.1_src\temp\server\!debug\dll_int.asm
c:\users\user\documents\github\xashtasks\xashxt_v0.81_rev.1_with_sources\xashxt_v0.81_rev.1_src\temp\server\!debug\spritemonster.obj
c:\users\user\documents\github\xashtasks\xashxt_v0.81_rev.1_with_sources\xashxt_v0.81_rev.1_src\temp\server\!debug\spritemonster.asm
c:\users\user\documents\github\xashtasks\xashxt_v0.81_rev.1_with_sources\xashxt_v0.81_rev.1_src\temp\server\!debug\novodex.obj
c:\users\user\documents\github\xashtasks\xashxt_v0.81_rev.1_with_sources\xashxt_v0.81_rev.1_src\temp\server\!debug\novodex.asm
c:\users\user\documents\github\xashtasks\xashxt_v0.81_rev.1_with_sources\xashxt_v0.81_rev.1_src\temp\server\!debug\physic.obj
c:\users\user\documents\github\xashtasks\xashxt_v0.81_rev.1_with_sources\xashxt_v0.81_rev.1_src\temp\server\!debug\physic.asm
c:\users\user\documents\github\xashtasks\xashxt_v0.81_rev.1_with_sources\xashxt_v0.81_rev.1_src\temp\server\!debug\satchel.obj
c:\users\user\documents\github\xashtasks\xashxt_v0.81_rev.1_with_sources\xashxt_v0.81_rev.1_src\temp\server\!debug\satchel.asm
c:\users\user\documents\github\xashtasks\xashxt_v0.81_rev.1_with_sources\xashxt_v0.81_rev.1_src\temp\server\!debug\sound.obj
c:\users\user\documents\github\xashtasks\xashxt_v0.81_rev.1_with_sources\xashxt_v0.81_rev.1_src\temp\server\!debug\sound.asm
c:\users\user\documents\github\xashtasks\xashxt_v0.81_rev.1_with_sources\xashxt_v0.81_rev.1_src\temp\server\!debug\nodes.sbr
c:\users\user\documents\github\xashtasks\xashxt_v0.81_rev.1_with_sources\xashxt_v0.81_rev.1_src\temp\server\!debug\bone_setup.obj
c:\users\user\documents\github\xashtasks\xashxt_v0.81_rev.1_with_sources\xashxt_v0.81_rev.1_src\temp\server\!debug\bone_setup.asm
c:\users\user\documents\github\xashtasks\xashxt_v0.81_rev.1_with_sources\xashxt_v0.81_rev.1_src\temp\server\!debug\cbase.obj
c:\users\user\documents\github\xashtasks\xashxt_v0.81_rev.1_with_sources\xashxt_v0.81_rev.1_src\temp\server\!debug\cbase.asm
c:\users\user\documents\github\xashtasks\xashxt_v0.81_rev.1_with_sources\xashxt_v0.81_rev.1_src\temp\server\!debug\xen.obj
c:\users\user\documents\github\xashtasks\xashxt_v0.81_rev.1_with_sources\xashxt_v0.81_rev.1_src\temp\server\!debug\xen.asm
c:\users\user\documents\github\xashtasks\xashxt_v0.81_rev.1_with_sources\xashxt_v0.81_rev.1_src\temp\server\!debug\multiplay_gamerules.obj
c:\users\user\documents\github\xashtasks\xashxt_v0.81_rev.1_with_sources\xashxt_v0.81_rev.1_src\temp\server\!debug\multiplay_gamerules.asm
c:\users\user\documents\github\xashtasks\xashxt_v0.81_rev.1_with_sources\xashxt_v0.81_rev.1_src\temp\server\!debug\python.obj
c:\users\user\documents\github\xashtasks\xashxt_v0.81_rev.1_with_sources\xashxt_v0.81_rev.1_src\temp\server\!debug\python.asm
c:\users\user\documents\github\xashtasks\xashxt_v0.81_rev.1_with_sources\xashxt_v0.81_rev.1_src\temp\server\!debug\shotgun.obj
c:\users\user\documents\github\xashtasks\xashxt_v0.81_rev.1_with_sources\xashxt_v0.81_rev.1_src\temp\server\!debug\shotgun.asm
c:\users\user\documents\github\xashtasks\xashxt_v0.81_rev.1_with_sources\xashxt_v0.81_rev.1_src\temp\server\!debug\singleplay_gamerules.obj
c:\users\user\documents\github\xashtasks\xashxt_v0.81_rev.1_with_sources\xashxt_v0.81_rev.1_src\temp\server\!debug\singleplay_gamerules.asm
c:\users\user\documents\github\xashtasks\xashxt_v0.81_rev.1_with_sources\xashxt_v0.81_rev.1_src\temp\server\!debug\teamplay_gamerules.obj
c:\users\user\documents\github\xashtasks\xashxt_v0.81_rev.1_with_sources\xashxt_v0.81_rev.1_src\temp\server\!debug\teamplay_gamerules.asm
c:\users\user\documents\github\xashtasks\xashxt_v0.81_rev.1_with_sources\xashxt_v0.81_rev.1_src\temp\server\!debug\tripmine.obj
c:\users\user\documents\github\xashtasks\xashxt_v0.81_rev.1_with_sources\xashxt_v0.81_rev.1_src\temp\server\!debug\tripmine.asm
c:\users\user\documents\github\xashtasks\xashxt_v0.81_rev.1_with_sources\xashxt_v0.81_rev.1_src\temp\server\!debug\util.obj
c:\users\user\documents\github\xashtasks\xashxt_v0.81_rev.1_with_sources\xashxt_v0.81_rev.1_src\temp\server\!debug\util.asm
c:\users\user\documents\github\xashtasks\xashxt_v0.81_rev.1_with_sources\xashxt_v0.81_rev.1_src\temp\server\!debug\egon.obj
c:\users\user\documents\github\xashtasks\xashxt_v0.81_rev.1_with_sources\xashxt_v0.81_rev.1_src\temp\server\!debug\egon.asm
c:\users\user\documents\github\xashtasks\xashxt_v0.81_rev.1_with_sources\xashxt_v0.81_rev.1_src\temp\server\!debug\func_tank.obj
c:\users\user\documents\github\xashtasks\xashxt_v0.81_rev.1_with_sources\xashxt_v0.81_rev.1_src\temp\server\!debug\func_tank.asm
c:\users\user\documents\github\xashtasks\xashxt_v0.81_rev.1_with_sources\xashxt_v0.81_rev.1_src\temp\server\!debug\gamerules.obj
c:\users\user\documents\github\xashtasks\xashxt_v0.81_rev.1_with_sources\xashxt_v0.81_rev.1_src\temp\server\!debug\gamerules.asm
c:\users\user\documents\github\xashtasks\xashxt_v0.81_rev.1_with_sources\xashxt_v0.81_rev.1_src\temp\server\!debug\glock.obj
c:\users\user\documents\github\xashtasks\xashxt_v0.81_rev.1_with_sources\xashxt_v0.81_rev.1_src\temp\server\!debug\glock.asm
c:\users\user\documents\github\xashtasks\xashxt_v0.81_rev.1_with_sources\xashxt_v0.81_rev.1_src\temp\server\!debug\h_cycler.obj
c:\users\user\documents\github\xashtasks\xashxt_v0.81_rev.1_with_sources\xashxt_v0.81_rev.1_src\temp\server\!debug\h_cycler.asm
c:\users\user\documents\github\xashtasks\xashxt_v0.81_rev.1_with_sources\xashxt_v0.81_rev.1_src\temp\server\!debug\gman.obj
c:\users\user\documents\github\xashtasks\xashxt_v0.81_rev.1_with_sources\xashxt_v0.81_rev.1_src\temp\server\!debug\gman.asm
c:\users\user\documents\github\xashtasks\xashxt_v0.81_rev.1_with_sources\xashxt_v0.81_rev.1_src\temp\server\!debug\crowbar.obj
c:\users\user\documents\github\xashtasks\xashxt_v0.81_rev.1_with_sources\xashxt_v0.81_rev.1_src\temp\server\!debug\crowbar.asm
c:\users\user\documents\github\xashtasks\xashxt_v0.81_rev.1_with_sources\xashxt_v0.81_rev.1_src\temp\server\!debug\doors.obj
c:\users\user\documents\github\xashtasks\xashxt_v0.81_rev.1_with_sources\xashxt_v0.81_rev.1_src\temp\server\!debug\doors.asm
c:\users\user\documents\github\xashtasks\xashxt_v0.81_rev.1_with_sources\xashxt_v0.81_rev.1_src\temp\server\!debug\effects.obj
c:\users\user\documents\github\xashtasks\xashxt_v0.81_rev.1_with_sources\xashxt_v0.81_rev.1_src\temp\server\!debug\effects.asm
c:\users\user\documents\github\xashtasks\xashxt_v0.81_rev.1_with_sources\xashxt_v0.81_rev.1_src\temp\server\!debug\explode.obj
c:\users\user\documents\github\xashtasks\xashxt_v0.81_rev.1_with_sources\xashxt_v0.81_rev.1_src\temp\server\!debug\explode.asm
c:\users\user\documents\github\xashtasks\xashxt_v0.81_rev.1_with_sources\xashxt_v0.81_rev.1_src\temp\server\!debug\func_break.obj
c:\users\user\documents\github\xashtasks\xashxt_v0.81_rev.1_with_sources\xashxt_v0.81_rev.1_src\temp\server\!debug\func_break.asm
c:\users\user\documents\github\xashtasks\xashxt_v0.81_rev.1_with_sources\xashxt_v0.81_rev.1_src\temp\server\!debug\func_monitor.obj
c:\users\user\documents\github\xashtasks\xashxt_v0.81_rev.1_with_sources\xashxt_v0.81_rev.1_src\temp\server\!debug\func_monitor.asm
c:\users\user\documents\github\xashtasks\xashxt_v0.81_rev.1_with_sources\xashxt_v0.81_rev.1_src\temp\server\!debug\h_battery.obj
c:\users\user\documents\github\xashtasks\xashxt_v0.81_rev.1_with_sources\xashxt_v0.81_rev.1_src\temp\server\!debug\h_battery.asm
c:\users\user\documents\github\xashtasks\xashxt_v0.81_rev.1_with_sources\xashxt_v0.81_rev.1_src\temp\server\!debug\handgrenade.obj
c:\users\user\documents\github\xashtasks\xashxt_v0.81_rev.1_with_sources\xashxt_v0.81_rev.1_src\temp\server\!debug\handgrenade.asm
c:\users\user\documents\github\xashtasks\xashxt_v0.81_rev.1_with_sources\xashxt_v0.81_rev.1_src\temp\server\!debug\healthkit.obj
c:\users\user\documents\github\xashtasks\xashxt_v0.81_rev.1_with_sources\xashxt_v0.81_rev.1_src\temp\server\!debug\healthkit.asm
c:\users\user\documents\github\xashtasks\xashxt_v0.81_rev.1_with_sources\xashxt_v0.81_rev.1_src\temp\server\!debug\hornetgun.obj
c:\users\user\documents\github\xashtasks\xashxt_v0.81_rev.1_with_sources\xashxt_v0.81_rev.1_src\temp\server\!debug\hornetgun.asm
c:\users\user\documents\github\xashtasks\xashxt_v0.81_rev.1_with_sources\xashxt_v0.81_rev.1_src\temp\server\!debug\items.obj
c:\users\user\documents\github\xashtasks\xashxt_v0.81_rev.1_with_sources\xashxt_v0.81_rev.1_src\temp\server\!debug\items.asm
c:\users\user\documents\github\xashtasks\xashxt_v0.81_rev.1_with_sources\xashxt_v0.81_rev.1_src\temp\server\!debug\lights.obj
c:\users\user\documents\github\xashtasks\xashxt_v0.81_rev.1_with_sources\xashxt_v0.81_rev.1_src\temp\server\!debug\lights.asm
c:\users\user\documents\github\xashtasks\xashxt_v0.81_rev.1_with_sources\xashxt_v0.81_rev.1_src\temp\server\!debug\aflock.obj
c:\users\user\documents\github\xashtasks\xashxt_v0.81_rev.1_with_sources\xashxt_v0.81_rev.1_src\temp\server\!debug\aflock.asm
c:\users\user\documents\github\xashtasks\xashxt_v0.81_rev.1_with_sources\xashxt_v0.81_rev.1_src\temp\server\!debug\animation.obj
c:\users\user\documents\github\xashtasks\xashxt_v0.81_rev.1_with_sources\xashxt_v0.81_rev.1_src\temp\server\!debug\animation.asm
c:\users\user\documents\github\xashtasks\xashxt_v0.81_rev.1_with_sources\xashxt_v0.81_rev.1_src\temp\server\!debug\apache.obj
c:\users\user\documents\github\xashtasks\xashxt_v0.81_rev.1_with_sources\xashxt_v0.81_rev.1_src\temp\server\!debug\apache.asm
c:\users\user\documents\github\xashtasks\xashxt_v0.81_rev.1_with_sources\xashxt_v0.81_rev.1_src\temp\server\!debug\airtank.obj
c:\users\user\documents\github\xashtasks\xashxt_v0.81_rev.1_with_sources\xashxt_v0.81_rev.1_src\temp\server\!debug\airtank.asm
c:\users\user\documents\github\xashtasks\xashxt_v0.81_rev.1_with_sources\xashxt_v0.81_rev.1_src\temp\server\!debug\bmodels.obj
c:\users\user\documents\github\xashtasks\xashxt_v0.81_rev.1_with_sources\xashxt_v0.81_rev.1_src\temp\server\!debug\bmodels.asm
c:\users\user\documents\github\xashtasks\xashxt_v0.81_rev.1_with_sources\xashxt_v0.81_rev.1_src\temp\server\!debug\buttons.obj
c:\users\user\documents\github\xashtasks\xashxt_v0.81_rev.1_with_sources\xashxt_v0.81_rev.1_src\temp\server\!debug\buttons.asm
c:\users\user\documents\github\xashtasks\xashxt_v0.81_rev.1_with_sources\xashxt_v0.81_rev.1_src\temp\server\!debug\crossbow.obj
c:\users\user\documents\github\xashtasks\xashxt_v0.81_rev.1_with_sources\xashxt_v0.81_rev.1_src\temp\server\!debug\crossbow.asm
c:\users\user\documents\github\xashtasks\xashxt_v0.81_rev.1_with_sources\xashxt_v0.81_rev.1_src\temp\server\!debug\scripted.obj
c:\users\user\documents\github\xashtasks\xashxt_v0.81_rev.1_with_sources\xashxt_v0.81_rev.1_src\temp\server\!debug\scripted.asm
c:\users\user\documents\github\xashtasks\xashxt_v0.81_rev.1_with_sources\xashxt_v0.81_rev.1_src\temp\server\!debug\turret.obj
c:\users\user\documents\github\xashtasks\xashxt_v0.81_rev.1_with_sources\xashxt_v0.81_rev.1_src\temp\server\!debug\turret.asm
c:\users\user\documents\github\xashtasks\xashxt_v0.81_rev.1_with_sources\xashxt_v0.81_rev.1_src\temp\server\!debug\physents.obj
c:\users\user\documents\github\xashtasks\xashxt_v0.81_rev.1_with_sources\xashxt_v0.81_rev.1_src\temp\server\!debug\physents.asm
c:\users\user\documents\github\xashtasks\xashxt_v0.81_rev.1_with_sources\xashxt_v0.81_rev.1_src\temp\server\!debug\plats.obj
c:\users\user\documents\github\xashtasks\xashxt_v0.81_rev.1_with_sources\xashxt_v0.81_rev.1_src\temp\server\!debug\plats.asm
c:\users\user\documents\github\xashtasks\xashxt_v0.81_rev.1_with_sources\xashxt_v0.81_rev.1_src\temp\server\!debug\rpg.obj
c:\users\user\documents\github\xashtasks\xashxt_v0.81_rev.1_with_sources\xashxt_v0.81_rev.1_src\temp\server\!debug\rpg.asm
c:\users\user\documents\github\xashtasks\xashxt_v0.81_rev.1_with_sources\xashxt_v0.81_rev.1_src\temp\server\!debug\subs.obj
c:\users\user\documents\github\xashtasks\xashxt_v0.81_rev.1_with_sources\xashxt_v0.81_rev.1_src\temp\server\!debug\subs.asm
c:\users\user\documents\github\xashtasks\xashxt_v0.81_rev.1_with_sources\xashxt_v0.81_rev.1_src\temp\server\!debug\triggers.obj
c:\users\user\documents\github\xashtasks\xashxt_v0.81_rev.1_with_sources\xashxt_v0.81_rev.1_src\temp\server\!debug\triggers.asm
c:\users\user\documents\github\xashtasks\xashxt_v0.81_rev.1_with_sources\xashxt_v0.81_rev.1_src\temp\server\!debug\bigmomma.obj
c:\users\user\documents\github\xashtasks\xashxt_v0.81_rev.1_with_sources\xashxt_v0.81_rev.1_src\temp\server\!debug\bigmomma.asm
c:\users\user\documents\github\xashtasks\xashxt_v0.81_rev.1_with_sources\xashxt_v0.81_rev.1_src\temp\server\!debug\controller.obj
c:\users\user\documents\github\xashtasks\xashxt_v0.81_rev.1_with_sources\xashxt_v0.81_rev.1_src\temp\server\!debug\controller.asm
c:\users\user\documents\github\xashtasks\xashxt_v0.81_rev.1_with_sources\xashxt_v0.81_rev.1_src\temp\server\!debug\headcrab.obj
c:\users\user\documents\github\xashtasks\xashxt_v0.81_rev.1_with_sources\xashxt_v0.81_rev.1_src\temp\server\!debug\headcrab.asm
c:\users\user\documents\github\xashtasks\xashxt_v0.81_rev.1_with_sources\xashxt_v0.81_rev.1_src\temp\server\!debug\leech.obj
c:\users\user\documents\github\xashtasks\xashxt_v0.81_rev.1_with_sources\xashxt_v0.81_rev.1_src\temp\server\!debug\leech.asm
c:\users\user\documents\github\xashtasks\xashxt_v0.81_rev.1_with_sources\xashxt_v0.81_rev.1_src\temp\server\!debug\monstermaker.obj
c:\users\user\documents\github\xashtasks\xashxt_v0.81_rev.1_with_sources\xashxt_v0.81_rev.1_src\temp\server\!debug\monstermaker.asm
c:\users\user\documents\github\xashtasks\xashxt_v0.81_rev.1_with_sources\xashxt_v0.81_rev.1_src\temp\server\!debug\nihilanth.obj
c:\users\user\documents\github\xashtasks\xashxt_v0.81_rev.1_with_sources\xashxt_v0.81_rev.1_src\temp\server\!debug\nihilanth.asm
c:\users\user\documents\github\xashtasks\xashxt_v0.81_rev.1_with_sources\xashxt_v0.81_rev.1_src\temp\server\!debug\nodes.obj
c:\users\user\documents\github\xashtasks\xashxt_v0.81_rev.1_with_sources\xashxt_v0.81_rev.1_src\temp\server\!debug\nodes.asm
c:\users\user\documents\github\xashtasks\xashxt_v0.81_rev.1_with_sources\xashxt_v0.81_rev.1_src\temp\server\!debug\mathlib.obj
c:\users\user\documents\github\xashtasks\xashxt_v0.81_rev.1_with_sources\xashxt_v0.81_rev.1_src\temp\server\!debug\mathlib.asm
c:\users\user\documents\github\xashtasks\xashxt_v0.81_rev.1_with_sources\xashxt_v0.81_rev.1_src\temp\server\!debug\barnacle.obj
c:\users\user\documents\github\xashtasks\xashxt_v0.81_rev.1_with_sources\xashxt_v0.81_rev.1_src\temp\server\!debug\barnacle.asm
c:\users\user\documents\github\xashtasks\xashxt_v0.81_rev.1_with_sources\xashxt_v0.81_rev.1_src\temp\server\!debug\hornet.obj
c:\users\user\documents\github\xashtasks\xashxt_v0.81_rev.1_with_sources\xashxt_v0.81_rev.1_src\temp\server\!debug\hornet.asm
c:\users\user\documents\github\xashtasks\xashxt_v0.81_rev.1_with_sources\xashxt_v0.81_rev.1_src\temp\server\!debug\houndeye.obj
c:\users\user\documents\github\xashtasks\xashxt_v0.81_rev.1_with_sources\xashxt_v0.81_rev.1_src\temp\server\!debug\houndeye.asm
c:\users\user\documents\github\xashtasks\xashxt_v0.81_rev.1_with_sources\xashxt_v0.81_rev.1_src\temp\server\!debug\ichthyosaur.obj
c:\users\user\documents\github\xashtasks\xashxt_v0.81_rev.1_with_sources\xashxt_v0.81_rev.1_src\temp\server\!debug\ichthyosaur.asm
c:\users\user\documents\github\xashtasks\xashxt_v0.81_rev.1_with_sources\xashxt_v0.81_rev.1_src\temp\server\!debug\islave.obj
c:\users\user\documents\github\xashtasks\xashxt_v0.81_rev.1_with_sources\xashxt_v0.81_rev.1_src\temp\server\!debug\islave.asm
c:\users\user\documents\github\xashtasks\xashxt_v0.81_rev.1_with_sources\xashxt_v0.81_rev.1_src\temp\server\!debug\monsters.obj
c:\users\user\documents\github\xashtasks\xashxt_v0.81_rev.1_with_sources\xashxt_v0.81_rev.1_src\temp\server\!debug\monsters.asm
c:\users\user\documents\github\xashtasks\xashxt_v0.81_rev.1_with_sources\xashxt_v0.81_rev.1_src\temp\server\!debug\monsterstate.obj
c:\users\user\documents\github\xashtasks\xashxt_v0.81_rev.1_with_sources\xashxt_v0.81_rev.1_src\temp\server\!debug\monsterstate.asm
c:\users\user\documents\github\xashtasks\xashxt_v0.81_rev.1_with_sources\xashxt_v0.81_rev.1_src\temp\server\!debug\osprey.obj
c:\users\user\documents\github\xashtasks\xashxt_v0.81_rev.1_with_sources\xashxt_v0.81_rev.1_src\temp\server\!debug\osprey.asm
c:\users\user\documents\github\xashtasks\xashxt_v0.81_rev.1_with_sources\xashxt_v0.81_rev.1_src\temp\server\!debug\roach.obj
c:\users\user\documents\github\xashtasks\xashxt_v0.81_rev.1_with_sources\xashxt_v0.81_rev.1_src\temp\server\!debug\roach.asm
c:\users\user\documents\github\xashtasks\xashxt_v0.81_rev.1_with_sources\xashxt_v0.81_rev.1_src\temp\server\!debug\schedule.obj
c:\users\user\documents\github\xashtasks\xashxt_v0.81_rev.1_with_sources\xashxt_v0.81_rev.1_src\temp\server\!debug\schedule.asm
c:\users\user\documents\github\xashtasks\xashxt_v0.81_rev.1_with_sources\xashxt_v0.81_rev.1_src\temp\server\!debug\scientist.obj
c:\users\user\documents\github\xashtasks\xashxt_v0.81_rev.1_with_sources\xashxt_v0.81_rev.1_src\temp\server\!debug\scientist.asm
c:\users\user\documents\github\xashtasks\xashxt_v0.81_rev.1_with_sources\xashxt_v0.81_rev.1_src\temp\server\!debug\soundent.obj
c:\users\user\documents\github\xashtasks\xashxt_v0.81_rev.1_with_sources\xashxt_v0.81_rev.1_src\temp\server\!debug\soundent.asm
c:\users\user\documents\github\xashtasks\xashxt_v0.81_rev.1_with_sources\xashxt_v0.81_rev.1_src\temp\server\!debug\talkmonster.obj
c:\users\user\documents\github\xashtasks\xashxt_v0.81_rev.1_with_sources\xashxt_v0.81_rev.1_src\temp\server\!debug\talkmonster.asm
c:\users\user\documents\github\xashtasks\xashxt_v0.81_rev.1_with_sources\xashxt_v0.81_rev.1_src\temp\server\!debug\tentacle.obj
c:\users\user\documents\github\xashtasks\xashxt_v0.81_rev.1_with_sources\xashxt_v0.81_rev.1_src\temp\server\!debug\tentacle.asm
c:\users\user\documents\github\xashtasks\xashxt_v0.81_rev.1_with_sources\xashxt_v0.81_rev.1_src\temp\server\!debug\mortar.obj
c:\users\user\documents\github\xashtasks\xashxt_v0.81_rev.1_with_sources\xashxt_v0.81_rev.1_src\temp\server\!debug\mortar.asm
c:\users\user\documents\github\xashtasks\xashxt_v0.81_rev.1_with_sources\xashxt_v0.81_rev.1_src\temp\server\!debug\mp5.obj
c:\users\user\documents\github\xashtasks\xashxt_v0.81_rev.1_with_sources\xashxt_v0.81_rev.1_src\temp\server\!debug\mp5.asm
c:\users\user\documents\github\xashtasks\xashxt_v0.81_rev.1_with_sources\xashxt_v0.81_rev.1_src\temp\server\!debug\player.obj
c:\users\user\documents\github\xashtasks\xashxt_v0.81_rev.1_with_sources\xashxt_v0.81_rev.1_src\temp\server\!debug\player.asm
c:\users\user\documents\github\xashtasks\xashxt_v0.81_rev.1_with_sources\xashxt_v0.81_rev.1_src\temp\server\!debug\squeakgrenade.obj
c:\users\user\documents\github\xashtasks\xashxt_v0.81_rev.1_with_sources\xashxt_v0.81_rev.1_src\temp\server\!debug\squeakgrenade.asm
c:\users\user\documents\github\xashtasks\xashxt_v0.81_rev.1_with_sources\xashxt_v0.81_rev.1_src\temp\server\!debug\stats.obj
c:\users\user\documents\github\xashtasks\xashxt_v0.81_rev.1_with_sources\xashxt_v0.81_rev.1_src\temp\server\!debug\stats.asm
c:\users\user\documents\github\xashtasks\xashxt_v0.81_rev.1_with_sources\xashxt_v0.81_rev.1_src\temp\server\!debug\weapons.obj
c:\users\user\documents\github\xashtasks\xashxt_v0.81_rev.1_with_sources\xashxt_v0.81_rev.1_src\temp\server\!debug\weapons.asm
c:\users\user\documents\github\xashtasks\xashxt_v0.81_rev.1_with_sources\xashxt_v0.81_rev.1_src\temp\server\!debug\world.obj
c:\users\user\documents\github\xashtasks\xashxt_v0.81_rev.1_with_sources\xashxt_v0.81_rev.1_src\temp\server\!debug\world.asm
c:\users\user\documents\github\xashtasks\xashxt_v0.81_rev.1_with_sources\xashxt_v0.81_rev.1_src\temp\server\!debug\client.obj
c:\users\user\documents\github\xashtasks\xashxt_v0.81_rev.1_with_sources\xashxt_v0.81_rev.1_src\temp\server\!debug\client.asm
c:\users\user\documents\github\xashtasks\xashxt_v0.81_rev.1_with_sources\xashxt_v0.81_rev.1_src\temp\server\!debug\combat.obj
c:\users\user\documents\github\xashtasks\xashxt_v0.81_rev.1_with_sources\xashxt_v0.81_rev.1_src\temp\server\!debug\combat.asm
c:\users\user\documents\github\xashtasks\xashxt_v0.81_rev.1_with_sources\xashxt_v0.81_rev.1_src\temp\server\!debug\gauss.obj
c:\users\user\documents\github\xashtasks\xashxt_v0.81_rev.1_with_sources\xashxt_v0.81_rev.1_src\temp\server\!debug\gauss.asm
c:\users\user\documents\github\xashtasks\xashxt_v0.81_rev.1_with_sources\xashxt_v0.81_rev.1_src\temp\server\!debug\ggrenade.obj
c:\users\user\documents\github\xashtasks\xashxt_v0.81_rev.1_with_sources\xashxt_v0.81_rev.1_src\temp\server\!debug\ggrenade.asm
c:\users\user\documents\github\xashtasks\xashxt_v0.81_rev.1_with_sources\xashxt_v0.81_rev.1_src\temp\server\!debug\globals.obj
c:\users\user\documents\github\xashtasks\xashxt_v0.81_rev.1_with_sources\xashxt_v0.81_rev.1_src\temp\server\!debug\globals.asm
c:\users\user\documents\github\xashtasks\xashxt_v0.81_rev.1_with_sources\xashxt_v0.81_rev.1_src\temp\server\!debug\agrunt.obj
c:\users\user\documents\github\xashtasks\xashxt_v0.81_rev.1_with_sources\xashxt_v0.81_rev.1_src\temp\server\!debug\agrunt.asm
c:\users\user\documents\github\xashtasks\xashxt_v0.81_rev.1_with_sources\xashxt_v0.81_rev.1_src\temp\server\!debug\barney.obj
c:\users\user\documents\github\xashtasks\xashxt_v0.81_rev.1_with_sources\xashxt_v0.81_rev.1_src\temp\server\!debug\barney.asm
c:\users\user\documents\github\xashtasks\xashxt_v0.81_rev.1_with_sources\xashxt_v0.81_rev.1_src\temp\server\!debug\bullsquid.obj
c:\users\user\documents\github\xashtasks\xashxt_v0.81_rev.1_with_sources\xashxt_v0.81_rev.1_src\temp\server\!debug\bullsquid.asm
c:\users\user\documents\github\xashtasks\xashxt_v0.81_rev.1_with_sources\xashxt_v0.81_rev.1_src\temp\server\!debug\defaultai.obj
c:\users\user\documents\github\xashtasks\xashxt_v0.81_rev.1_with_sources\xashxt_v0.81_rev.1_src\temp\server\!debug\defaultai.asm
c:\users\user\documents\github\xashtasks\xashxt_v0.81_rev.1_with_sources\xashxt_v0.81_rev.1_src\temp\server\!debug\gargantua.obj
c:\users\user\documents\github\xashtasks\xashxt_v0.81_rev.1_with_sources\xashxt_v0.81_rev.1_src\temp\server\!debug\gargantua.asm
c:\users\user\documents\github\xashtasks\xashxt_v0.81_rev.1_with_sources\xashxt_v0.81_rev.1_src\temp\server\!debug\hassassin.obj
c:\users\user\documents\github\xashtasks\xashxt_v0.81_rev.1_with_sources\xashxt_v0.81_rev.1_src\temp\server\!debug\hassassin.asm
c:\users\user\documents\github\xashtasks\xashxt_v0.81_rev.1_with_sources\xashxt_v0.81_rev.1_src\temp\server\!debug\hgrunt.obj
c:\users\user\documents\github\xashtasks\xashxt_v0.81_rev.1_with_sources\xashxt_v0.81_rev.1_src\temp\server\!debug\hgrunt.asm
c:\users\user\documents\github\xashtasks\xash3d\xash\bin\server.dll
c:\users\user\documents\github\xashtasks\xashxt_v0.81_rev.1_with_sources\xashxt_v0.81_rev.1_src\temp\server\!debug\server.ilk
c:\users\user\documents\github\xashtasks\xashxt_v0.81_rev.1_with_sources\xashxt_v0.81_rev.1_src\temp\server\!debug\server.dll
c:\users\user\documents\github\xashtasks\xashxt_v0.81_rev.1_with_sources\xashxt_v0.81_rev.1_src\temp\server\!debug\server.pdb
c:\users\user\documents\github\xashtasks\xashxt_v0.81_rev.1_with_sources\xashxt_v0.81_rev.1_src\temp\server\!debug\server.lib
c:\users\user\documents\github\xashtasks\xashxt_v0.81_rev.1_with_sources\xashxt_v0.81_rev.1_src\temp\server\!debug\server.exp
c:\users\user\documents\github\xashtasks\xashxt_v0.81_rev.1_with_sources\xashxt_v0.81_rev.1_src\server\.\..\temp\server\!debug\server.dll
c:\users\user\documents\github\xashtasks\xashxt_v0.81_rev.1_with_sources\xashxt_v0.81_rev.1_src\temp\server\!debug\server.tlog\bscmake.command.1.tlog
c:\users\user\documents\github\xashtasks\xashxt_v0.81_rev.1_with_sources\xashxt_v0.81_rev.1_src\temp\server\!debug\server.tlog\bscmake.read.1.tlog
c:\users\user\documents\github\xashtasks\xashxt_v0.81_rev.1_with_sources\xashxt_v0.81_rev.1_src\temp\server\!debug\server.tlog\bscmake.write.1.tlog
c:\users\user\documents\github\xashtasks\xashxt_v0.81_rev.1_with_sources\xashxt_v0.81_rev.1_src\temp\server\!debug\server.tlog\cl.command.1.tlog
c:\users\user\documents\github\xashtasks\xashxt_v0.81_rev.1_with_sources\xashxt_v0.81_rev.1_src\temp\server\!debug\server.tlog\cl.read.1.tlog
c:\users\user\documents\github\xashtasks\xashxt_v0.81_rev.1_with_sources\xashxt_v0.81_rev.1_src\temp\server\!debug\server.tlog\cl.write.1.tlog
c:\users\user\documents\github\xashtasks\xashxt_v0.81_rev.1_with_sources\xashxt_v0.81_rev.1_src\temp\server\!debug\server.tlog\custombuildstep.write.1u.tlog
c:\users\user\documents\github\xashtasks\xashxt_v0.81_rev.1_with_sources\xashxt_v0.81_rev.1_src\temp\server\!debug\server.tlog\link.command.1.tlog
c:\users\user\documents\github\xashtasks\xashxt_v0.81_rev.1_with_sources\xashxt_v0.81_rev.1_src\temp\server\!debug\server.tlog\link.read.1.tlog
c:\users\user\documents\github\xashtasks\xashxt_v0.81_rev.1_with_sources\xashxt_v0.81_rev.1_src\temp\server\!debug\server.tlog\link.write.1.tlog
c:\users\user\documents\github\xashtasks\xashxt_v0.81_rev.1_with_sources\xashxt_v0.81_rev.1_src\temp\server\!debug\server.tlog\server.write.1u.tlog
